Started GET "/" for ::1 at 2024-02-03 11:09:16 +0000
  [1m[35m (2.5ms)[0m  [1m[35mCREATE TABLE "schema_migrations" ("version" varchar NOT NULL PRIMARY KEY)[0m
  [1m[35m (0.3ms)[0m  [1m[35mCREATE TABLE "ar_internal_metadata" ("key" varchar NOT NULL PRIMARY KEY, "value" varchar, "created_at" datetime(6) NOT NULL, "updated_at" datetime(6) NOT NULL)[0m
  [1m[36mActiveRecord::SchemaMigration Load (0.1ms)[0m  [1m[34mSELECT "schema_migrations"."version" FROM "schema_migrations" ORDER BY "schema_migrations"."version" ASC[0m
Processing by Rails::WelcomeController#index as HTML
  Rendering C:/Ruby31-x64/lib/ruby/gems/3.1.0/gems/railties-7.1.3/lib/rails/templates/rails/welcome/index.html.erb
  Rendered C:/Ruby31-x64/lib/ruby/gems/3.1.0/gems/railties-7.1.3/lib/rails/templates/rails/welcome/index.html.erb (Duration: 1.3ms | Allocations: 384)
Completed 200 OK in 245ms (Views: 59.4ms | ActiveRecord: 0.0ms | Allocations: 8161)


Started GET "/" for ::1 at 2024-02-03 11:15:10 +0000
Processing by Rails::WelcomeController#index as HTML
  Rendering C:/Ruby31-x64/lib/ruby/gems/3.1.0/gems/railties-7.1.3/lib/rails/templates/rails/welcome/index.html.erb
  Rendered C:/Ruby31-x64/lib/ruby/gems/3.1.0/gems/railties-7.1.3/lib/rails/templates/rails/welcome/index.html.erb (Duration: 0.9ms | Allocations: 288)
Completed 200 OK in 5ms (Views: 2.1ms | ActiveRecord: 0.0ms | Allocations: 1071)


Started GET "/" for ::1 at 2024-02-03 11:15:16 +0000
Processing by Rails::WelcomeController#index as HTML
  Rendering C:/Ruby31-x64/lib/ruby/gems/3.1.0/gems/railties-7.1.3/lib/rails/templates/rails/welcome/index.html.erb
  Rendered C:/Ruby31-x64/lib/ruby/gems/3.1.0/gems/railties-7.1.3/lib/rails/templates/rails/welcome/index.html.erb (Duration: 0.1ms | Allocations: 15)
Completed 200 OK in 3ms (Views: 1.3ms | ActiveRecord: 0.0ms | Allocations: 242)


Started GET "/home" for ::1 at 2024-02-03 11:15:27 +0000
Processing by HomeController#index as HTML
  Rendering layout layouts/application.html.erb
  Rendering home/index.html.erb within layouts/application
  Rendered home/index.html.erb within layouts/application (Duration: 0.6ms | Allocations: 111)
  Rendered layout layouts/application.html.erb (Duration: 658.1ms | Allocations: 63525)
Completed 500 Internal Server Error in 673ms (ActiveRecord: 0.0ms | Allocations: 64628)



ActionView::Template::Error (Permission denied @ rb_file_s_rename - (C:/Users/Stefi/Documents/extracurricular/ADAHACK-Minestrone/PastPapers/tmp/cache/assets/sprockets/v4.0.0/M8/M8UDdFdIZd_A61C2XCt7REe3qArjGRrJdEibLS-cVMY.cache.28040.10512.611034, C:/Users/Stefi/Documents/extracurricular/ADAHACK-Minestrone/PastPapers/tmp/cache/assets/sprockets/v4.0.0/M8/M8UDdFdIZd_A61C2XCt7REe3qArjGRrJdEibLS-cVMY.cache)):

sprockets (4.2.1) lib/sprockets/path_utils.rb:362:in `rename'
sprockets (4.2.1) lib/sprockets/path_utils.rb:362:in `atomic_write'
sprockets (4.2.1) lib/sprockets/cache/file_store.rb:112:in `set'
sprockets (4.2.1) lib/sprockets/cache.rb:227:in `set'
sprockets (4.2.1) lib/sprockets/cache.rb:143:in `set'
sprockets (4.2.1) lib/sprockets/loader.rb:265:in `store_asset'
sprockets (4.2.1) lib/sprockets/loader.rb:228:in `load_from_unloaded'
sprockets (4.2.1) lib/sprockets/loader.rb:59:in `block in load'
sprockets (4.2.1) lib/sprockets/loader.rb:339:in `fetch_asset_from_dependency_cache'
sprockets (4.2.1) lib/sprockets/loader.rb:43:in `load'
sprockets (4.2.1) lib/sprockets/cached_environment.rb:44:in `block in load'
concurrent-ruby (1.2.3) lib/concurrent-ruby/concurrent/map.rb:207:in `block in fetch_or_store'
concurrent-ruby (1.2.3) lib/concurrent-ruby/concurrent/map.rb:187:in `fetch'
concurrent-ruby (1.2.3) lib/concurrent-ruby/concurrent/map.rb:206:in `fetch_or_store'
sprockets (4.2.1) lib/sprockets/cached_environment.rb:44:in `load'
sprockets (4.2.1) lib/sprockets/context.rb:117:in `load'
sprockets (4.2.1) lib/sprockets/context.rb:145:in `depend_on_asset'
sprockets (4.2.1) lib/sprockets/context.rb:185:in `link_asset'
sprockets-rails (3.4.2) lib/sprockets/rails/context.rb:27:in `compute_asset_path'
actionview (7.1.3) lib/action_view/helpers/asset_url_helper.rb:204:in `asset_path'
sprockets-rails (3.4.2) lib/sprockets/rails/sourcemapping_url_processor.rb:41:in `sourcemap_asset_path'
sprockets-rails (3.4.2) lib/sprockets/rails/sourcemapping_url_processor.rb:34:in `resolved_sourcemap_comment'
sprockets-rails (3.4.2) lib/sprockets/rails/sourcemapping_url_processor.rb:15:in `block in call'
sprockets-rails (3.4.2) lib/sprockets/rails/sourcemapping_url_processor.rb:11:in `gsub'
sprockets-rails (3.4.2) lib/sprockets/rails/sourcemapping_url_processor.rb:11:in `call'
sprockets (4.2.1) lib/sprockets/processor_utils.rb:84:in `call_processor'
sprockets (4.2.1) lib/sprockets/processor_utils.rb:66:in `block in call_processors'
sprockets (4.2.1) lib/sprockets/processor_utils.rb:65:in `reverse_each'
sprockets (4.2.1) lib/sprockets/processor_utils.rb:65:in `call_processors'
sprockets (4.2.1) lib/sprockets/loader.rb:184:in `load_from_unloaded'
sprockets (4.2.1) lib/sprockets/loader.rb:59:in `block in load'
sprockets (4.2.1) lib/sprockets/loader.rb:339:in `fetch_asset_from_dependency_cache'
sprockets (4.2.1) lib/sprockets/loader.rb:43:in `load'
sprockets (4.2.1) lib/sprockets/cached_environment.rb:44:in `block in load'
concurrent-ruby (1.2.3) lib/concurrent-ruby/concurrent/map.rb:207:in `block in fetch_or_store'
concurrent-ruby (1.2.3) lib/concurrent-ruby/concurrent/map.rb:187:in `fetch'
concurrent-ruby (1.2.3) lib/concurrent-ruby/concurrent/map.rb:206:in `fetch_or_store'
sprockets (4.2.1) lib/sprockets/cached_environment.rb:44:in `load'
sprockets (4.2.1) lib/sprockets/bundle.rb:27:in `call'
sprockets (4.2.1) lib/sprockets/processor_utils.rb:84:in `call_processor'
sprockets (4.2.1) lib/sprockets/processor_utils.rb:66:in `block in call_processors'
sprockets (4.2.1) lib/sprockets/processor_utils.rb:65:in `reverse_each'
sprockets (4.2.1) lib/sprockets/processor_utils.rb:65:in `call_processors'
sprockets (4.2.1) lib/sprockets/loader.rb:184:in `load_from_unloaded'
sprockets (4.2.1) lib/sprockets/loader.rb:59:in `block in load'
sprockets (4.2.1) lib/sprockets/loader.rb:339:in `fetch_asset_from_dependency_cache'
sprockets (4.2.1) lib/sprockets/loader.rb:43:in `load'
sprockets (4.2.1) lib/sprockets/cached_environment.rb:44:in `block in load'
concurrent-ruby (1.2.3) lib/concurrent-ruby/concurrent/map.rb:207:in `block in fetch_or_store'
concurrent-ruby (1.2.3) lib/concurrent-ruby/concurrent/map.rb:187:in `fetch'
concurrent-ruby (1.2.3) lib/concurrent-ruby/concurrent/map.rb:206:in `fetch_or_store'
sprockets (4.2.1) lib/sprockets/cached_environment.rb:44:in `load'
sprockets (4.2.1) lib/sprockets/base.rb:81:in `find_asset'
sprockets (4.2.1) lib/sprockets/base.rb:88:in `find_all_linked_assets'
sprockets (4.2.1) lib/sprockets/manifest.rb:125:in `each'
sprockets (4.2.1) lib/sprockets/manifest.rb:125:in `to_a'
sprockets (4.2.1) lib/sprockets/manifest.rb:125:in `block (2 levels) in find'
concurrent-ruby (1.2.3) lib/concurrent-ruby/concurrent/executor/safe_task_executor.rb:24:in `block in execute'
concurrent-ruby (1.2.3) lib/concurrent-ruby/concurrent/synchronization/mutex_lockable_object.rb:48:in `block in synchronize'
concurrent-ruby (1.2.3) lib/concurrent-ruby/concurrent/synchronization/mutex_lockable_object.rb:48:in `synchronize'
concurrent-ruby (1.2.3) lib/concurrent-ruby/concurrent/synchronization/mutex_lockable_object.rb:48:in `synchronize'
concurrent-ruby (1.2.3) lib/concurrent-ruby/concurrent/executor/safe_task_executor.rb:22:in `execute'
concurrent-ruby (1.2.3) lib/concurrent-ruby/concurrent/promise.rb:564:in `block in realize'
concurrent-ruby (1.2.3) lib/concurrent-ruby/concurrent/executor/ruby_thread_pool_executor.rb:359:in `run_task'
concurrent-ruby (1.2.3) lib/concurrent-ruby/concurrent/executor/ruby_thread_pool_executor.rb:350:in `block (3 levels) in create_worker'
concurrent-ruby (1.2.3) lib/concurrent-ruby/concurrent/executor/ruby_thread_pool_executor.rb:341:in `loop'
concurrent-ruby (1.2.3) lib/concurrent-ruby/concurrent/executor/ruby_thread_pool_executor.rb:341:in `block (2 levels) in create_worker'
concurrent-ruby (1.2.3) lib/concurrent-ruby/concurrent/executor/ruby_thread_pool_executor.rb:340:in `catch'
concurrent-ruby (1.2.3) lib/concurrent-ruby/concurrent/executor/ruby_thread_pool_executor.rb:340:in `block in create_worker'
Started GET "/" for ::1 at 2024-02-03 11:15:51 +0000
Processing by Rails::WelcomeController#index as HTML
  Rendering C:/Ruby31-x64/lib/ruby/gems/3.1.0/gems/railties-7.1.3/lib/rails/templates/rails/welcome/index.html.erb
  Rendered C:/Ruby31-x64/lib/ruby/gems/3.1.0/gems/railties-7.1.3/lib/rails/templates/rails/welcome/index.html.erb (Duration: 1.3ms | Allocations: 286)
Completed 200 OK in 8ms (Views: 3.2ms | ActiveRecord: 0.0ms | Allocations: 1064)


Started GET "/home" for ::1 at 2024-02-03 11:16:00 +0000
Processing by HomeController#index as HTML
  Rendering layout layouts/application.html.erb
  Rendering home/index.html.erb within layouts/application
  Rendered home/index.html.erb within layouts/application (Duration: 1.0ms | Allocations: 114)
  Rendered layout layouts/application.html.erb (Duration: 77.3ms | Allocations: 20931)
Completed 200 OK in 93ms (Views: 86.8ms | ActiveRecord: 0.0ms | Allocations: 21937)


Started GET "/" for ::1 at 2024-02-03 11:18:16 +0000
Processing by HomeController#index as HTML
  Rendering layout layouts/application.html.erb
  Rendering home/index.html.erb within layouts/application
  Rendered home/index.html.erb within layouts/application (Duration: 0.6ms | Allocations: 115)
  Rendered layout layouts/application.html.erb (Duration: 87.2ms | Allocations: 4052)
Completed 200 OK in 98ms (Views: 94.5ms | ActiveRecord: 0.0ms | Allocations: 5130)


  [1m[36mActiveRecord::InternalMetadata Load (4.9ms)[0m  [1m[34mSELECT * FROM "ar_internal_metadata" WHERE "ar_internal_metadata"."key" = ? ORDER BY "ar_internal_metadata"."key" ASC LIMIT 1[0m  [[nil, "environment"]]
  [1m[36mActiveRecord::InternalMetadata Create (1.8ms)[0m  [1m[32mINSERT INTO "ar_internal_metadata" ("key", "value", "created_at", "updated_at") VALUES ('environment', 'development', '2024-02-03 11:26:27.438989', '2024-02-03 11:26:27.438993') RETURNING "key"[0m
  [1m[36mActiveRecord::SchemaMigration Load (0.1ms)[0m  [1m[34mSELECT "schema_migrations"."version" FROM "schema_migrations" ORDER BY "schema_migrations"."version" ASC[0m
Migrating to CreateArticles (20240203112256)
  [1m[36mTRANSACTION (0.1ms)[0m  [1m[36mbegin transaction[0m
  [1m[35m (0.9ms)[0m  [1m[35mCREATE TABLE "articles" ("id" integer PRIMARY KEY AUTOINCREMENT NOT NULL, "title" varchar, "body" text, "created_at" datetime(6) NOT NULL, "updated_at" datetime(6) NOT NULL)[0m
  [1m[36mActiveRecord::SchemaMigration Create (0.2ms)[0m  [1m[32mINSERT INTO "schema_migrations" ("version") VALUES ('20240203112256') RETURNING "version"[0m
  [1m[36mTRANSACTION (0.1ms)[0m  [1m[36mcommit transaction[0m
Migrating to CreatePapers (20240203112318)
  [1m[36mTRANSACTION (0.1ms)[0m  [1m[36mbegin transaction[0m
  [1m[35m (1.0ms)[0m  [1m[35mCREATE TABLE "papers" ("id" integer PRIMARY KEY AUTOINCREMENT NOT NULL, "title" varchar, "body" text, "created_at" datetime(6) NOT NULL, "updated_at" datetime(6) NOT NULL)[0m
  [1m[36mActiveRecord::SchemaMigration Create (0.1ms)[0m  [1m[32mINSERT INTO "schema_migrations" ("version") VALUES ('20240203112318') RETURNING "version"[0m
  [1m[36mTRANSACTION (0.1ms)[0m  [1m[36mcommit transaction[0m
Migrating to CreateUsers (20240203112440)
  [1m[36mTRANSACTION (0.1ms)[0m  [1m[36mbegin transaction[0m
  [1m[35m (0.9ms)[0m  [1m[35mCREATE TABLE "users" ("id" integer PRIMARY KEY AUTOINCREMENT NOT NULL, "title" varchar, "body" text, "created_at" datetime(6) NOT NULL, "updated_at" datetime(6) NOT NULL)[0m
  [1m[36mActiveRecord::SchemaMigration Create (0.1ms)[0m  [1m[32mINSERT INTO "schema_migrations" ("version") VALUES ('20240203112440') RETURNING "version"[0m
  [1m[36mTRANSACTION (0.1ms)[0m  [1m[36mcommit transaction[0m
  [1m[36mActiveRecord::SchemaMigration Load (0.1ms)[0m  [1m[34mSELECT "schema_migrations"."version" FROM "schema_migrations" ORDER BY "schema_migrations"."version" ASC[0m
  [1m[36mTRANSACTION (0.1ms)[0m  [1m[36mbegin transaction[0m
  [1m[36mArticle Create (0.6ms)[0m  [1m[32mINSERT INTO "articles" ("title", "body", "created_at", "updated_at") VALUES (?, ?, ?, ?) RETURNING "id"[0m  [["title", "Hello Rails"], ["body", "I am on Rails!"], ["created_at", "2024-02-03 11:28:15.024136"], ["updated_at", "2024-02-03 11:28:15.024136"]]
  [1m[36mTRANSACTION (0.1ms)[0m  [1m[36mcommit transaction[0m
  [1m[36mActiveRecord::InternalMetadata Load (0.2ms)[0m  [1m[34mSELECT * FROM "ar_internal_metadata" WHERE "ar_internal_metadata"."key" = ? ORDER BY "ar_internal_metadata"."key" ASC LIMIT 1[0m  [[nil, "environment"]]
  [1m[36mActiveRecord::SchemaMigration Load (0.1ms)[0m  [1m[34mSELECT "schema_migrations"."version" FROM "schema_migrations" ORDER BY "schema_migrations"."version" ASC[0m
Migrating to CreateUsers (20240203113709)
  [1m[36mTRANSACTION (0.1ms)[0m  [1m[36mbegin transaction[0m
  [1m[35m (1.2ms)[0m  [1m[35mCREATE TABLE "users" ("id" integer PRIMARY KEY AUTOINCREMENT NOT NULL, "email" varchar, "password_digest" varchar, "created_at" datetime(6) NOT NULL, "updated_at" datetime(6) NOT NULL)[0m
  [1m[36mTRANSACTION (0.0ms)[0m  [1m[31mrollback transaction[0m
  [1m[35m (9.0ms)[0m  [1m[35mDROP TABLE "users"[0m
  [1m[36mActiveRecord::InternalMetadata Load (0.2ms)[0m  [1m[34mSELECT * FROM "ar_internal_metadata" WHERE "ar_internal_metadata"."key" = ? ORDER BY "ar_internal_metadata"."key" ASC LIMIT 1[0m  [[nil, "environment"]]
  [1m[36mActiveRecord::SchemaMigration Load (0.1ms)[0m  [1m[34mSELECT "schema_migrations"."version" FROM "schema_migrations" ORDER BY "schema_migrations"."version" ASC[0m
Migrating to CreateUsers (20240203113709)
  [1m[36mTRANSACTION (0.1ms)[0m  [1m[36mbegin transaction[0m
  [1m[35m (1.0ms)[0m  [1m[35mCREATE TABLE "users" ("id" integer PRIMARY KEY AUTOINCREMENT NOT NULL, "email" varchar, "password_digest" varchar, "created_at" datetime(6) NOT NULL, "updated_at" datetime(6) NOT NULL)[0m
  [1m[36mActiveRecord::SchemaMigration Create (0.1ms)[0m  [1m[32mINSERT INTO "schema_migrations" ("version") VALUES ('20240203113709') RETURNING "version"[0m
  [1m[36mTRANSACTION (6.9ms)[0m  [1m[36mcommit transaction[0m
  [1m[36mActiveRecord::SchemaMigration Load (0.1ms)[0m  [1m[34mSELECT "schema_migrations"."version" FROM "schema_migrations" ORDER BY "schema_migrations"."version" ASC[0m
  [1m[36mActiveRecord::InternalMetadata Load (0.1ms)[0m  [1m[34mSELECT * FROM "ar_internal_metadata" WHERE "ar_internal_metadata"."key" = ? ORDER BY "ar_internal_metadata"."key" ASC LIMIT 1[0m  [[nil, "environment"]]
  [1m[36mActiveRecord::SchemaMigration Load (0.1ms)[0m  [1m[34mSELECT "schema_migrations"."version" FROM "schema_migrations" ORDER BY "schema_migrations"."version" ASC[0m
  [1m[36mActiveRecord::SchemaMigration Load (0.0ms)[0m  [1m[34mSELECT "schema_migrations"."version" FROM "schema_migrations" ORDER BY "schema_migrations"."version" ASC[0m
Started GET "/" for ::1 at 2024-02-03 11:55:38 +0000

NameError (undefined local variable or method `only' for #<ActionDispatch::Routing::Mapper:0x000002527059f280 @set=#<ActionDispatch::Routing::RouteSet:0x000002526fec8420>, @draw_paths=[#<Pathname:C:/Ruby31-x64/lib/ruby/gems/3.1.0/gems/actionview-7.1.3/config/routes>, #<Pathname:C:/Ruby31-x64/lib/ruby/gems/3.1.0/gems/activestorage-7.1.3/config/routes>, #<Pathname:C:/Ruby31-x64/lib/ruby/gems/3.1.0/gems/actioncable-7.1.3/config/routes>, #<Pathname:C:/Ruby31-x64/lib/ruby/gems/3.1.0/gems/actionmailbox-7.1.3/config/routes>, #<Pathname:C:/Ruby31-x64/lib/ruby/gems/3.1.0/gems/actiontext-7.1.3/config/routes>, #<Pathname:C:/Ruby31-x64/lib/ruby/gems/3.1.0/gems/importmap-rails-2.0.1/config/routes>, #<Pathname:C:/Ruby31-x64/lib/ruby/gems/3.1.0/gems/turbo-rails-1.5.0/config/routes>, #<Pathname:C:/Ruby31-x64/lib/ruby/gems/3.1.0/gems/stimulus-rails-1.3.3/config/routes>, #<Pathname:C:/Users/Stefi/Documents/extracurricular/ADAHACK-Minestrone/PastPapers/config/routes>, #<Pathname:C:/Users/Stefi/Documents/extracurricular/ADAHACK-Minestrone/PastPapers/config/routes>], @scope=#<ActionDispatch::Routing::Mapper::Scope:0x000002527059f1e0 @hash={:path_names=>{:new=>"new", :edit=>"edit"}}, @parent=#<ActionDispatch::Routing::Mapper::Scope:0x000002526eb74978 @hash=nil, @parent=nil, @scope_level=nil>, @scope_level=nil>, @concerns={}>

  resources :users, only[:new, :create, :show, :edit, :update, :destroy]
                    ^^^^):

config/routes.rb:7:in `block in <main>'
config/routes.rb:1:in `<main>'
Started GET "/" for ::1 at 2024-02-03 11:56:21 +0000
  [1m[36mActiveRecord::SchemaMigration Load (0.1ms)[0m  [1m[34mSELECT "schema_migrations"."version" FROM "schema_migrations" ORDER BY "schema_migrations"."version" ASC[0m

SyntaxError (C:/Users/Stefi/Documents/extracurricular/ADAHACK-Minestrone/PastPapers/app/controllers/sessions_controller.rb:15: syntax error, unexpected end-of-input, expecting `end'):

app/controllers/sessions_controller.rb:15: syntax error, unexpected end-of-input, expecting `end'
Started GET "/" for ::1 at 2024-02-03 11:56:37 +0000

AbstractController::ActionNotFound (The action 'home' could not be found for SessionsController):

actionpack (7.1.3) lib/abstract_controller/base.rb:155:in `process'
actionview (7.1.3) lib/action_view/rendering.rb:40:in `process'
actionpack (7.1.3) lib/action_controller/metal.rb:227:in `dispatch'
actionpack (7.1.3) lib/action_controller/metal.rb:309:in `dispatch'
actionpack (7.1.3) lib/action_dispatch/routing/route_set.rb:49:in `dispatch'
actionpack (7.1.3) lib/action_dispatch/routing/route_set.rb:32:in `serve'
actionpack (7.1.3) lib/action_dispatch/journey/router.rb:51:in `block in serve'
actionpack (7.1.3) lib/action_dispatch/journey/router.rb:131:in `block in find_routes'
actionpack (7.1.3) lib/action_dispatch/journey/router.rb:124:in `each'
actionpack (7.1.3) lib/action_dispatch/journey/router.rb:124:in `find_routes'
actionpack (7.1.3) lib/action_dispatch/journey/router.rb:32:in `serve'
actionpack (7.1.3) lib/action_dispatch/routing/route_set.rb:882:in `call'
rack (3.0.9) lib/rack/tempfile_reaper.rb:20:in `call'
rack (3.0.9) lib/rack/etag.rb:29:in `call'
rack (3.0.9) lib/rack/conditional_get.rb:31:in `call'
rack (3.0.9) lib/rack/head.rb:15:in `call'
actionpack (7.1.3) lib/action_dispatch/http/permissions_policy.rb:36:in `call'
actionpack (7.1.3) lib/action_dispatch/http/content_security_policy.rb:33:in `call'
rack-session (2.0.0) lib/rack/session/abstract/id.rb:272:in `context'
rack-session (2.0.0) lib/rack/session/abstract/id.rb:266:in `call'
actionpack (7.1.3) lib/action_dispatch/middleware/cookies.rb:689:in `call'
activerecord (7.1.3) lib/active_record/migration.rb:655:in `call'
actionpack (7.1.3) lib/action_dispatch/middleware/callbacks.rb:29:in `block in call'
activesupport (7.1.3) lib/active_support/callbacks.rb:101:in `run_callbacks'
actionpack (7.1.3) lib/action_dispatch/middleware/callbacks.rb:28:in `call'
actionpack (7.1.3) lib/action_dispatch/middleware/executor.rb:14:in `call'
actionpack (7.1.3) lib/action_dispatch/middleware/actionable_exceptions.rb:16:in `call'
actionpack (7.1.3) lib/action_dispatch/middleware/debug_exceptions.rb:29:in `call'
web-console (4.2.1) lib/web_console/middleware.rb:132:in `call_app'
web-console (4.2.1) lib/web_console/middleware.rb:28:in `block in call'
web-console (4.2.1) lib/web_console/middleware.rb:17:in `catch'
web-console (4.2.1) lib/web_console/middleware.rb:17:in `call'
actionpack (7.1.3) lib/action_dispatch/middleware/show_exceptions.rb:31:in `call'
railties (7.1.3) lib/rails/rack/logger.rb:37:in `call_app'
railties (7.1.3) lib/rails/rack/logger.rb:24:in `block in call'
activesupport (7.1.3) lib/active_support/tagged_logging.rb:135:in `block in tagged'
activesupport (7.1.3) lib/active_support/tagged_logging.rb:39:in `tagged'
activesupport (7.1.3) lib/active_support/tagged_logging.rb:135:in `tagged'
activesupport (7.1.3) lib/active_support/broadcast_logger.rb:240:in `method_missing'
railties (7.1.3) lib/rails/rack/logger.rb:24:in `call'
sprockets-rails (3.4.2) lib/sprockets/rails/quiet_assets.rb:13:in `call'
actionpack (7.1.3) lib/action_dispatch/middleware/remote_ip.rb:92:in `call'
actionpack (7.1.3) lib/action_dispatch/middleware/request_id.rb:28:in `call'
rack (3.0.9) lib/rack/method_override.rb:28:in `call'
rack (3.0.9) lib/rack/runtime.rb:24:in `call'
activesupport (7.1.3) lib/active_support/cache/strategy/local_cache_middleware.rb:29:in `call'
actionpack (7.1.3) lib/action_dispatch/middleware/server_timing.rb:59:in `block in call'
actionpack (7.1.3) lib/action_dispatch/middleware/server_timing.rb:24:in `collect_events'
actionpack (7.1.3) lib/action_dispatch/middleware/server_timing.rb:58:in `call'
actionpack (7.1.3) lib/action_dispatch/middleware/executor.rb:14:in `call'
actionpack (7.1.3) lib/action_dispatch/middleware/static.rb:25:in `call'
rack (3.0.9) lib/rack/sendfile.rb:114:in `call'
actionpack (7.1.3) lib/action_dispatch/middleware/host_authorization.rb:141:in `call'
railties (7.1.3) lib/rails/engine.rb:536:in `call'
puma (6.4.2) lib/puma/configuration.rb:272:in `call'
puma (6.4.2) lib/puma/request.rb:100:in `block in handle_request'
puma (6.4.2) lib/puma/thread_pool.rb:378:in `with_force_shutdown'
puma (6.4.2) lib/puma/request.rb:99:in `handle_request'
puma (6.4.2) lib/puma/server.rb:464:in `process_client'
puma (6.4.2) lib/puma/server.rb:245:in `block in run'
puma (6.4.2) lib/puma/thread_pool.rb:155:in `block in spawn_thread'
Started GET "/" for ::1 at 2024-02-03 11:57:40 +0000
Processing by HomeController#index as HTML
  Rendering layout layouts/application.html.erb
  Rendering home/index.html.erb within layouts/application
  Rendered home/index.html.erb within layouts/application (Duration: 0.5ms | Allocations: 115)
  Rendered layout layouts/application.html.erb (Duration: 6.4ms | Allocations: 1749)
Completed 200 OK in 14ms (Views: 11.8ms | ActiveRecord: 0.0ms | Allocations: 2815)


Started GET "/users" for ::1 at 2024-02-03 11:57:48 +0000

ActionController::RoutingError (No route matches [GET] "/users"):

Started GET "/" for ::1 at 2024-02-03 12:00:17 +0000
Processing by HomeController#index as HTML
  Rendering layout layouts/application.html.erb
  Rendering home/index.html.erb within layouts/application
  Rendered home/index.html.erb within layouts/application (Duration: 0.6ms | Allocations: 121)
  Rendered layout layouts/application.html.erb (Duration: 5.2ms | Allocations: 1742)
Completed 200 OK in 16ms (Views: 11.9ms | ActiveRecord: 0.0ms | Allocations: 2806)


Started GET "/sessions/login" for ::1 at 2024-02-03 12:00:20 +0000

ActionController::RoutingError (No route matches [GET] "/sessions/login"):

Started GET "/sessions/login" for ::1 at 2024-02-03 12:01:33 +0000

ActionController::RoutingError (No route matches [GET] "/sessions/login"):

Started GET "/" for ::1 at 2024-02-03 12:01:38 +0000
Processing by HomeController#index as HTML
  Rendering layout layouts/application.html.erb
  Rendering home/index.html.erb within layouts/application
  Rendered home/index.html.erb within layouts/application (Duration: 1.2ms | Allocations: 253)
  Rendered layout layouts/application.html.erb (Duration: 8.9ms | Allocations: 1845)
Completed 200 OK in 25ms (Views: 19.4ms | ActiveRecord: 0.0ms | Allocations: 2871)


Started GET "/login" for ::1 at 2024-02-03 12:01:40 +0000

AbstractController::ActionNotFound (The action 'new' could not be found for SessionsController):

actionpack (7.1.3) lib/abstract_controller/base.rb:155:in `process'
actionview (7.1.3) lib/action_view/rendering.rb:40:in `process'
actionpack (7.1.3) lib/action_controller/metal.rb:227:in `dispatch'
actionpack (7.1.3) lib/action_controller/metal.rb:309:in `dispatch'
actionpack (7.1.3) lib/action_dispatch/routing/route_set.rb:49:in `dispatch'
actionpack (7.1.3) lib/action_dispatch/routing/route_set.rb:32:in `serve'
actionpack (7.1.3) lib/action_dispatch/journey/router.rb:51:in `block in serve'
actionpack (7.1.3) lib/action_dispatch/journey/router.rb:131:in `block in find_routes'
actionpack (7.1.3) lib/action_dispatch/journey/router.rb:124:in `each'
actionpack (7.1.3) lib/action_dispatch/journey/router.rb:124:in `find_routes'
actionpack (7.1.3) lib/action_dispatch/journey/router.rb:32:in `serve'
actionpack (7.1.3) lib/action_dispatch/routing/route_set.rb:882:in `call'
rack (3.0.9) lib/rack/tempfile_reaper.rb:20:in `call'
rack (3.0.9) lib/rack/etag.rb:29:in `call'
rack (3.0.9) lib/rack/conditional_get.rb:31:in `call'
rack (3.0.9) lib/rack/head.rb:15:in `call'
actionpack (7.1.3) lib/action_dispatch/http/permissions_policy.rb:36:in `call'
actionpack (7.1.3) lib/action_dispatch/http/content_security_policy.rb:33:in `call'
rack-session (2.0.0) lib/rack/session/abstract/id.rb:272:in `context'
rack-session (2.0.0) lib/rack/session/abstract/id.rb:266:in `call'
actionpack (7.1.3) lib/action_dispatch/middleware/cookies.rb:689:in `call'
activerecord (7.1.3) lib/active_record/migration.rb:655:in `call'
actionpack (7.1.3) lib/action_dispatch/middleware/callbacks.rb:29:in `block in call'
activesupport (7.1.3) lib/active_support/callbacks.rb:101:in `run_callbacks'
actionpack (7.1.3) lib/action_dispatch/middleware/callbacks.rb:28:in `call'
actionpack (7.1.3) lib/action_dispatch/middleware/executor.rb:14:in `call'
actionpack (7.1.3) lib/action_dispatch/middleware/actionable_exceptions.rb:16:in `call'
actionpack (7.1.3) lib/action_dispatch/middleware/debug_exceptions.rb:29:in `call'
web-console (4.2.1) lib/web_console/middleware.rb:132:in `call_app'
web-console (4.2.1) lib/web_console/middleware.rb:28:in `block in call'
web-console (4.2.1) lib/web_console/middleware.rb:17:in `catch'
web-console (4.2.1) lib/web_console/middleware.rb:17:in `call'
actionpack (7.1.3) lib/action_dispatch/middleware/show_exceptions.rb:31:in `call'
railties (7.1.3) lib/rails/rack/logger.rb:37:in `call_app'
railties (7.1.3) lib/rails/rack/logger.rb:24:in `block in call'
activesupport (7.1.3) lib/active_support/tagged_logging.rb:135:in `block in tagged'
activesupport (7.1.3) lib/active_support/tagged_logging.rb:39:in `tagged'
activesupport (7.1.3) lib/active_support/tagged_logging.rb:135:in `tagged'
activesupport (7.1.3) lib/active_support/broadcast_logger.rb:240:in `method_missing'
railties (7.1.3) lib/rails/rack/logger.rb:24:in `call'
sprockets-rails (3.4.2) lib/sprockets/rails/quiet_assets.rb:13:in `call'
actionpack (7.1.3) lib/action_dispatch/middleware/remote_ip.rb:92:in `call'
actionpack (7.1.3) lib/action_dispatch/middleware/request_id.rb:28:in `call'
rack (3.0.9) lib/rack/method_override.rb:28:in `call'
rack (3.0.9) lib/rack/runtime.rb:24:in `call'
activesupport (7.1.3) lib/active_support/cache/strategy/local_cache_middleware.rb:29:in `call'
actionpack (7.1.3) lib/action_dispatch/middleware/server_timing.rb:59:in `block in call'
actionpack (7.1.3) lib/action_dispatch/middleware/server_timing.rb:24:in `collect_events'
actionpack (7.1.3) lib/action_dispatch/middleware/server_timing.rb:58:in `call'
actionpack (7.1.3) lib/action_dispatch/middleware/executor.rb:14:in `call'
actionpack (7.1.3) lib/action_dispatch/middleware/static.rb:25:in `call'
rack (3.0.9) lib/rack/sendfile.rb:114:in `call'
actionpack (7.1.3) lib/action_dispatch/middleware/host_authorization.rb:141:in `call'
railties (7.1.3) lib/rails/engine.rb:536:in `call'
puma (6.4.2) lib/puma/configuration.rb:272:in `call'
puma (6.4.2) lib/puma/request.rb:100:in `block in handle_request'
puma (6.4.2) lib/puma/thread_pool.rb:378:in `with_force_shutdown'
puma (6.4.2) lib/puma/request.rb:99:in `handle_request'
puma (6.4.2) lib/puma/server.rb:464:in `process_client'
puma (6.4.2) lib/puma/server.rb:245:in `block in run'
puma (6.4.2) lib/puma/thread_pool.rb:155:in `block in spawn_thread'
Started GET "/" for ::1 at 2024-02-03 12:02:20 +0000
Processing by HomeController#index as HTML
  Rendering layout layouts/application.html.erb
  Rendering home/index.html.erb within layouts/application
  Rendered home/index.html.erb within layouts/application (Duration: 7.2ms | Allocations: 4601)
  Rendered layout layouts/application.html.erb (Duration: 8.0ms | Allocations: 4688)
Completed 500 Internal Server Error in 23ms (ActiveRecord: 0.0ms | Allocations: 5727)



ActionView::Template::Error (undefined local variable or method `ogin_path' for #<ActionView::Base:0x0000000002c290>

'.freeze; @output_buffer.append=( link_to 'Login', ogin_path );
                                                   ^^^^^^^^^
Did you mean?  login_path):
    1: <h1>Hello, World!</h1>
    2: <%= link_to 'Login', ogin_path %>

app/views/home/index.html.erb:2
Started GET "/login" for ::1 at 2024-02-03 12:02:22 +0000

AbstractController::ActionNotFound (The action 'new' could not be found for SessionsController):

actionpack (7.1.3) lib/abstract_controller/base.rb:155:in `process'
actionview (7.1.3) lib/action_view/rendering.rb:40:in `process'
actionpack (7.1.3) lib/action_controller/metal.rb:227:in `dispatch'
actionpack (7.1.3) lib/action_controller/metal.rb:309:in `dispatch'
actionpack (7.1.3) lib/action_dispatch/routing/route_set.rb:49:in `dispatch'
actionpack (7.1.3) lib/action_dispatch/routing/route_set.rb:32:in `serve'
actionpack (7.1.3) lib/action_dispatch/journey/router.rb:51:in `block in serve'
actionpack (7.1.3) lib/action_dispatch/journey/router.rb:131:in `block in find_routes'
actionpack (7.1.3) lib/action_dispatch/journey/router.rb:124:in `each'
actionpack (7.1.3) lib/action_dispatch/journey/router.rb:124:in `find_routes'
actionpack (7.1.3) lib/action_dispatch/journey/router.rb:32:in `serve'
actionpack (7.1.3) lib/action_dispatch/routing/route_set.rb:882:in `call'
rack (3.0.9) lib/rack/tempfile_reaper.rb:20:in `call'
rack (3.0.9) lib/rack/etag.rb:29:in `call'
rack (3.0.9) lib/rack/conditional_get.rb:31:in `call'
rack (3.0.9) lib/rack/head.rb:15:in `call'
actionpack (7.1.3) lib/action_dispatch/http/permissions_policy.rb:36:in `call'
actionpack (7.1.3) lib/action_dispatch/http/content_security_policy.rb:33:in `call'
rack-session (2.0.0) lib/rack/session/abstract/id.rb:272:in `context'
rack-session (2.0.0) lib/rack/session/abstract/id.rb:266:in `call'
actionpack (7.1.3) lib/action_dispatch/middleware/cookies.rb:689:in `call'
activerecord (7.1.3) lib/active_record/migration.rb:655:in `call'
actionpack (7.1.3) lib/action_dispatch/middleware/callbacks.rb:29:in `block in call'
activesupport (7.1.3) lib/active_support/callbacks.rb:101:in `run_callbacks'
actionpack (7.1.3) lib/action_dispatch/middleware/callbacks.rb:28:in `call'
actionpack (7.1.3) lib/action_dispatch/middleware/executor.rb:14:in `call'
actionpack (7.1.3) lib/action_dispatch/middleware/actionable_exceptions.rb:16:in `call'
actionpack (7.1.3) lib/action_dispatch/middleware/debug_exceptions.rb:29:in `call'
web-console (4.2.1) lib/web_console/middleware.rb:132:in `call_app'
web-console (4.2.1) lib/web_console/middleware.rb:28:in `block in call'
web-console (4.2.1) lib/web_console/middleware.rb:17:in `catch'
web-console (4.2.1) lib/web_console/middleware.rb:17:in `call'
actionpack (7.1.3) lib/action_dispatch/middleware/show_exceptions.rb:31:in `call'
railties (7.1.3) lib/rails/rack/logger.rb:37:in `call_app'
railties (7.1.3) lib/rails/rack/logger.rb:24:in `block in call'
activesupport (7.1.3) lib/active_support/tagged_logging.rb:135:in `block in tagged'
activesupport (7.1.3) lib/active_support/tagged_logging.rb:39:in `tagged'
activesupport (7.1.3) lib/active_support/tagged_logging.rb:135:in `tagged'
activesupport (7.1.3) lib/active_support/broadcast_logger.rb:240:in `method_missing'
railties (7.1.3) lib/rails/rack/logger.rb:24:in `call'
sprockets-rails (3.4.2) lib/sprockets/rails/quiet_assets.rb:13:in `call'
actionpack (7.1.3) lib/action_dispatch/middleware/remote_ip.rb:92:in `call'
actionpack (7.1.3) lib/action_dispatch/middleware/request_id.rb:28:in `call'
rack (3.0.9) lib/rack/method_override.rb:28:in `call'
rack (3.0.9) lib/rack/runtime.rb:24:in `call'
activesupport (7.1.3) lib/active_support/cache/strategy/local_cache_middleware.rb:29:in `call'
actionpack (7.1.3) lib/action_dispatch/middleware/server_timing.rb:59:in `block in call'
actionpack (7.1.3) lib/action_dispatch/middleware/server_timing.rb:24:in `collect_events'
actionpack (7.1.3) lib/action_dispatch/middleware/server_timing.rb:58:in `call'
actionpack (7.1.3) lib/action_dispatch/middleware/executor.rb:14:in `call'
actionpack (7.1.3) lib/action_dispatch/middleware/static.rb:25:in `call'
rack (3.0.9) lib/rack/sendfile.rb:114:in `call'
actionpack (7.1.3) lib/action_dispatch/middleware/host_authorization.rb:141:in `call'
railties (7.1.3) lib/rails/engine.rb:536:in `call'
puma (6.4.2) lib/puma/configuration.rb:272:in `call'
puma (6.4.2) lib/puma/request.rb:100:in `block in handle_request'
puma (6.4.2) lib/puma/thread_pool.rb:378:in `with_force_shutdown'
puma (6.4.2) lib/puma/request.rb:99:in `handle_request'
puma (6.4.2) lib/puma/server.rb:464:in `process_client'
puma (6.4.2) lib/puma/server.rb:245:in `block in run'
puma (6.4.2) lib/puma/thread_pool.rb:155:in `block in spawn_thread'
Started GET "/" for ::1 at 2024-02-03 12:02:25 +0000
Processing by HomeController#index as HTML
  Rendering layout layouts/application.html.erb
  Rendering home/index.html.erb within layouts/application
  Rendered home/index.html.erb within layouts/application (Duration: 9.4ms | Allocations: 4510)
  Rendered layout layouts/application.html.erb (Duration: 10.2ms | Allocations: 4591)
Completed 500 Internal Server Error in 13ms (ActiveRecord: 0.0ms | Allocations: 4850)



ActionView::Template::Error (undefined local variable or method `ogin_path' for #<ActionView::Base:0x0000000002c880>

'.freeze; @output_buffer.append=( link_to 'Login', ogin_path );
                                                   ^^^^^^^^^
Did you mean?  login_path):
    1: <h1>Hello, World!</h1>
    2: <%= link_to 'Login', ogin_path %>

app/views/home/index.html.erb:2
Started GET "/home" for ::1 at 2024-02-03 12:04:01 +0000
Processing by HomeController#index as HTML
  Rendering layout layouts/application.html.erb
  Rendering home/index.html.erb within layouts/application
  Rendered home/index.html.erb within layouts/application (Duration: 0.8ms | Allocations: 222)
  Rendered layout layouts/application.html.erb (Duration: 5.2ms | Allocations: 1820)
Completed 200 OK in 16ms (Views: 12.2ms | ActiveRecord: 0.0ms | Allocations: 2883)


Started GET "/login" for ::1 at 2024-02-03 12:04:05 +0000
Processing by SessionsController#login as HTML
  Rendering layout layouts/application.html.erb
  Rendering sessions/login.html.erb within layouts/application
  Rendered sessions/login.html.erb within layouts/application (Duration: 2.0ms | Allocations: 873)
  Rendered layout layouts/application.html.erb (Duration: 7.2ms | Allocations: 1953)
Completed 200 OK in 15ms (Views: 13.1ms | ActiveRecord: 0.0ms | Allocations: 2405)


Started GET "/home" for ::1 at 2024-02-03 12:05:06 +0000
Processing by HomeController#index as HTML
  Rendering layout layouts/application.html.erb
  Rendering home/index.html.erb within layouts/application
  Rendered home/index.html.erb within layouts/application (Duration: 1.1ms | Allocations: 264)
  Rendered layout layouts/application.html.erb (Duration: 6.3ms | Allocations: 1869)
Completed 200 OK in 22ms (Views: 14.5ms | ActiveRecord: 0.0ms | Allocations: 2932)


Started GET "/users/new" for ::1 at 2024-02-03 12:05:10 +0000
Processing by UsersController#new as HTML
Completed 500 Internal Server Error in 133ms (ActiveRecord: 0.0ms | Allocations: 7595)



LoadError (cannot load such file -- bcrypt):

app/models/user.rb:2:in `<class:User>'
app/models/user.rb:1:in `<main>'
app/controllers/users_controller.rb:3:in `new'
Started GET "/users/new" for ::1 at 2024-02-03 12:06:47 +0000
  [1m[36mActiveRecord::SchemaMigration Load (0.1ms)[0m  [1m[34mSELECT "schema_migrations"."version" FROM "schema_migrations" ORDER BY "schema_migrations"."version" ASC[0m
Processing by UsersController#new as HTML
  Rendering layout layouts/application.html.erb
  Rendering users/new.html.erb within layouts/application
  Rendered users/new.html.erb within layouts/application (Duration: 57.9ms | Allocations: 4038)
  Rendered layout layouts/application.html.erb (Duration: 105.2ms | Allocations: 23546)
Completed 200 OK in 180ms (Views: 118.6ms | ActiveRecord: 2.8ms | Allocations: 42625)


Started GET "/" for ::1 at 2024-02-03 12:07:07 +0000
Processing by HomeController#index as HTML
  Rendering layout layouts/application.html.erb
  Rendering home/index.html.erb within layouts/application
  Rendered home/index.html.erb within layouts/application (Duration: 0.9ms | Allocations: 245)
  Rendered layout layouts/application.html.erb (Duration: 7.2ms | Allocations: 1615)
Completed 200 OK in 16ms (Views: 12.5ms | ActiveRecord: 0.0ms | Allocations: 2168)


Started GET "/login" for ::1 at 2024-02-03 12:07:09 +0000
Processing by SessionsController#login as HTML
  Rendering layout layouts/application.html.erb
  Rendering sessions/login.html.erb within layouts/application
  Rendered sessions/login.html.erb within layouts/application (Duration: 2.1ms | Allocations: 820)
  Rendered layout layouts/application.html.erb (Duration: 7.0ms | Allocations: 1901)
Completed 200 OK in 17ms (Views: 14.8ms | ActiveRecord: 0.0ms | Allocations: 2359)


Started GET "/login" for ::1 at 2024-02-03 12:07:12 +0000
Processing by SessionsController#login as HTML
  Rendering layout layouts/application.html.erb
  Rendering sessions/login.html.erb within layouts/application
  Rendered sessions/login.html.erb within layouts/application (Duration: 0.7ms | Allocations: 401)
  Rendered layout layouts/application.html.erb (Duration: 4.7ms | Allocations: 1378)
Completed 200 OK in 7ms (Views: 5.6ms | ActiveRecord: 0.0ms | Allocations: 1633)


Started GET "/users/new" for ::1 at 2024-02-03 12:07:15 +0000
Processing by UsersController#new as HTML
  Rendering layout layouts/application.html.erb
  Rendering users/new.html.erb within layouts/application
  Rendered users/new.html.erb within layouts/application (Duration: 1.5ms | Allocations: 760)
  Rendered layout layouts/application.html.erb (Duration: 7.1ms | Allocations: 1741)
Completed 200 OK in 10ms (Views: 8.2ms | ActiveRecord: 0.0ms | Allocations: 2028)


Started GET "/login" for ::1 at 2024-02-03 12:07:54 +0000
Processing by SessionsController#login as HTML
  Rendering layout layouts/application.html.erb
  Rendering sessions/login.html.erb within layouts/application
  Rendered sessions/login.html.erb within layouts/application (Duration: 0.8ms | Allocations: 398)
  Rendered layout layouts/application.html.erb (Duration: 5.5ms | Allocations: 1374)
Completed 200 OK in 8ms (Views: 6.5ms | ActiveRecord: 0.0ms | Allocations: 1628)


  [1m[36mActiveRecord::InternalMetadata Load (0.2ms)[0m  [1m[34mSELECT * FROM "ar_internal_metadata" WHERE "ar_internal_metadata"."key" = ? ORDER BY "ar_internal_metadata"."key" ASC LIMIT 1[0m  [[nil, "environment"]]
  [1m[36mActiveRecord::SchemaMigration Load (0.1ms)[0m  [1m[34mSELECT "schema_migrations"."version" FROM "schema_migrations" ORDER BY "schema_migrations"."version" ASC[0m
  [1m[36mActiveRecord::SchemaMigration Load (0.0ms)[0m  [1m[34mSELECT "schema_migrations"."version" FROM "schema_migrations" ORDER BY "schema_migrations"."version" ASC[0m
Started GET "/login" for ::1 at 2024-02-03 12:11:21 +0000
  [1m[36mActiveRecord::SchemaMigration Load (0.1ms)[0m  [1m[34mSELECT "schema_migrations"."version" FROM "schema_migrations" ORDER BY "schema_migrations"."version" ASC[0m
Processing by SessionsController#login as HTML
  Rendering layout layouts/application.html.erb
  Rendering sessions/login.html.erb within layouts/application
  Rendered sessions/login.html.erb within layouts/application (Duration: 1.6ms | Allocations: 860)
  Rendered layout layouts/application.html.erb (Duration: 6.7ms | Allocations: 2155)
Completed 200 OK in 15ms (Views: 13.1ms | ActiveRecord: 0.0ms | Allocations: 2993)


Started GET "/users/new" for ::1 at 2024-02-03 12:16:49 +0000
Processing by UsersController#new as HTML
  Rendering layout layouts/application.html.erb
  Rendering users/new.html.erb within layouts/application
  Rendered users/new.html.erb within layouts/application (Duration: 9.8ms | Allocations: 6798)
  Rendered layout layouts/application.html.erb (Duration: 10.4ms | Allocations: 6891)
Completed 500 Internal Server Error in 30ms (ActiveRecord: 4.4ms | Allocations: 11287)


  
ActionView::Template::Error (undefined method `email' for #<User id: nil, username: nil, password_digest: nil, created_at: nil, updated_at: nil>):
    1: <h1>Sign Up</h1>
    2: <%= form_for @user do |f| %>
    3:   <%= f.label :email %>
    4:   <%= f.text_field :email %>
    5:   <%= f.label :password %>
    6:   <%= f.password_field :password %>
    7:   <%= f.submit "Create account" %>
  
app/views/users/new.html.erb:4
app/views/users/new.html.erb:2
Started GET "/users/new" for ::1 at 2024-02-03 12:19:33 +0000
Processing by UsersController#new as HTML
  Rendering layout layouts/application.html.erb
  Rendering users/new.html.erb within layouts/application
  Rendered users/new.html.erb within layouts/application (Duration: 6.7ms | Allocations: 6337)
  Rendered layout layouts/application.html.erb (Duration: 7.5ms | Allocations: 6424)
Completed 500 Internal Server Error in 28ms (ActiveRecord: 3.5ms | Allocations: 11302)


  
ActionView::Template::Error (undefined method `email' for #<User id: nil, username: nil, password_digest: nil, created_at: nil, updated_at: nil>):
    1: <h1>Sign Up</h1>
    2: <%= form_for @user do |f| %>
    3:   <%= f.label :email %>
    4:   <%= f.text_field :email %>
    5:   <%= f.label :password %>
    6:   <%= f.password_field :password %>
    7:   <%= f.submit "Create account" %>
  
app/views/users/new.html.erb:4
app/views/users/new.html.erb:2
Started GET "/" for ::1 at 2024-02-03 12:19:52 +0000
  [1m[36mActiveRecord::SchemaMigration Load (0.1ms)[0m  [1m[34mSELECT "schema_migrations"."version" FROM "schema_migrations" ORDER BY "schema_migrations"."version" ASC[0m
Processing by HomeController#index as HTML
  Rendering layout layouts/application.html.erb
  Rendering home/index.html.erb within layouts/application
  Rendered home/index.html.erb within layouts/application (Duration: 1.1ms | Allocations: 425)
  Rendered layout layouts/application.html.erb (Duration: 68.8ms | Allocations: 21409)
Completed 200 OK in 104ms (Views: 81.5ms | ActiveRecord: 0.0ms | Allocations: 26153)


Started GET "/users/new" for ::1 at 2024-02-03 12:19:54 +0000
Processing by UsersController#new as HTML
  Rendering layout layouts/application.html.erb
  Rendering users/new.html.erb within layouts/application
  Rendered users/new.html.erb within layouts/application (Duration: 10.5ms | Allocations: 7469)
  Rendered layout layouts/application.html.erb (Duration: 11.6ms | Allocations: 7563)
Completed 500 Internal Server Error in 55ms (ActiveRecord: 2.7ms | Allocations: 22477)


  
ActionView::Template::Error (undefined method `email' for #<User id: nil, username: nil, password_digest: nil, created_at: nil, updated_at: nil>):
    1: <h1>Sign Up</h1>
    2: <%= form_for @user do |f| %>
    3:   <%= f.label :email %>
    4:   <%= f.text_field :email %>
    5:   <%= f.label :password %>
    6:   <%= f.password_field :password %>
    7:   <%= f.submit "Create account" %>
  
app/views/users/new.html.erb:4
app/views/users/new.html.erb:2
  [1m[36mActiveRecord::InternalMetadata Load (0.1ms)[0m  [1m[34mSELECT * FROM "ar_internal_metadata" WHERE "ar_internal_metadata"."key" = ? ORDER BY "ar_internal_metadata"."key" ASC LIMIT 1[0m  [[nil, "environment"]]
  [1m[36mActiveRecord::SchemaMigration Load (0.1ms)[0m  [1m[34mSELECT "schema_migrations"."version" FROM "schema_migrations" ORDER BY "schema_migrations"."version" ASC[0m
Migrating to RenameUsernameToEmailInUsers (20240203122554)
  [1m[36mTRANSACTION (0.1ms)[0m  [1m[36mbegin transaction[0m
  [1m[35m (0.0ms)[0m  [1m[35mPRAGMA foreign_keys[0m
  [1m[35m (0.0ms)[0m  [1m[35mPRAGMA defer_foreign_keys[0m
  [1m[35m (0.0ms)[0m  [1m[35mPRAGMA defer_foreign_keys = ON[0m
  [1m[35m (0.0ms)[0m  [1m[35mPRAGMA foreign_keys = OFF[0m
  [1m[35m (0.2ms)[0m  [1m[35mCREATE TEMPORARY TABLE "ausers" ("id" integer PRIMARY KEY AUTOINCREMENT NOT NULL, "email" varchar DEFAULT NULL, "password_digest" varchar DEFAULT NULL, "created_at" datetime(6) NOT NULL, "updated_at" datetime(6) NOT NULL)[0m
  [1m[35m (0.1ms)[0m  [1m[32mINSERT INTO "ausers" ("id","email","password_digest","created_at","updated_at")
                     SELECT "id","username","password_digest","created_at","updated_at" FROM "users"[0m
  [1m[35m (0.1ms)[0m  [1m[35mDROP TABLE "users"[0m
  [1m[35m (0.1ms)[0m  [1m[35mCREATE TABLE "users" ("id" integer PRIMARY KEY AUTOINCREMENT NOT NULL, "email" varchar DEFAULT NULL, "password_digest" varchar DEFAULT NULL, "created_at" datetime(6) NOT NULL, "updated_at" datetime(6) NOT NULL)[0m
  [1m[35m (0.0ms)[0m  [1m[32mINSERT INTO "users" ("id","email","password_digest","created_at","updated_at")
                     SELECT "id","email","password_digest","created_at","updated_at" FROM "ausers"[0m
  [1m[35m (0.1ms)[0m  [1m[35mDROP TABLE "ausers"[0m
  [1m[35m (0.0ms)[0m  [1m[35mPRAGMA defer_foreign_keys = 0[0m
  [1m[35m (0.0ms)[0m  [1m[35mPRAGMA foreign_keys = 1[0m
  [1m[36mActiveRecord::SchemaMigration Create (0.1ms)[0m  [1m[32mINSERT INTO "schema_migrations" ("version") VALUES ('20240203122554') RETURNING "version"[0m
  [1m[36mTRANSACTION (1.7ms)[0m  [1m[36mcommit transaction[0m
  [1m[36mActiveRecord::SchemaMigration Load (0.1ms)[0m  [1m[34mSELECT "schema_migrations"."version" FROM "schema_migrations" ORDER BY "schema_migrations"."version" ASC[0m
Started GET "/users/new" for ::1 at 2024-02-03 12:26:54 +0000
  [1m[36mActiveRecord::SchemaMigration Load (0.1ms)[0m  [1m[34mSELECT "schema_migrations"."version" FROM "schema_migrations" ORDER BY "schema_migrations"."version" ASC[0m
Processing by UsersController#new as HTML
  Rendering layout layouts/application.html.erb
  Rendering users/new.html.erb within layouts/application
  Rendered users/new.html.erb within layouts/application (Duration: 5.7ms | Allocations: 6338)
  Rendered layout layouts/application.html.erb (Duration: 7.6ms | Allocations: 6425)
Completed 500 Internal Server Error in 31ms (ActiveRecord: 0.0ms | Allocations: 10735)


  
ActionView::Template::Error (undefined method `email' for #<User id: nil, username: nil, password_digest: nil, created_at: nil, updated_at: nil>):
    1: <h1>Sign Up</h1>
    2: <%= form_for @user do |f| %>
    3:   <%= f.label :email %>
    4:   <%= f.text_field :email %>
    5:   <%= f.label :password %>
    6:   <%= f.password_field :password %>
    7:   <%= f.submit "Create account" %>
  
app/views/users/new.html.erb:4
app/views/users/new.html.erb:2
Started GET "/" for ::1 at 2024-02-03 12:27:13 +0000
  [1m[36mActiveRecord::SchemaMigration Load (0.1ms)[0m  [1m[34mSELECT "schema_migrations"."version" FROM "schema_migrations" ORDER BY "schema_migrations"."version" ASC[0m
Processing by HomeController#index as HTML
  Rendering layout layouts/application.html.erb
  Rendering home/index.html.erb within layouts/application
  Rendered home/index.html.erb within layouts/application (Duration: 0.9ms | Allocations: 425)
  Rendered layout layouts/application.html.erb (Duration: 59.0ms | Allocations: 21563)
Completed 200 OK in 93ms (Views: 71.8ms | ActiveRecord: 0.0ms | Allocations: 26308)


Started GET "/login" for ::1 at 2024-02-03 12:27:14 +0000
Processing by SessionsController#login as HTML
  Rendering layout layouts/application.html.erb
  Rendering sessions/login.html.erb within layouts/application
  Rendered sessions/login.html.erb within layouts/application (Duration: 1.9ms | Allocations: 869)
  Rendered layout layouts/application.html.erb (Duration: 6.2ms | Allocations: 1950)
Completed 200 OK in 13ms (Views: 11.2ms | ActiveRecord: 0.0ms | Allocations: 2409)


Started GET "/users/new" for ::1 at 2024-02-03 12:27:17 +0000
Processing by UsersController#new as HTML
  Rendering layout layouts/application.html.erb
  Rendering users/new.html.erb within layouts/application
  Rendered users/new.html.erb within layouts/application (Duration: 10.4ms | Allocations: 2164)
  Rendered layout layouts/application.html.erb (Duration: 15.7ms | Allocations: 3280)
Completed 200 OK in 74ms (Views: 20.8ms | ActiveRecord: 4.2ms | Allocations: 18313)


Started POST "/users" for ::1 at 2024-02-03 12:27:32 +0000
Processing by UsersController#create as HTML
  Parameters: {"authenticity_token"=>"[FILTERED]", "user"=>{"email"=>"stefi@example.com", "password"=>"[FILTERED]"}, "commit"=>"Create account"}
  [1m[36mTRANSACTION (0.1ms)[0m  [1m[36mbegin transaction[0m
  â†³ app/controllers/users_controller.rb:10:in `create'
  [1m[36mUser Exists? (1.7ms)[0m  [1m[34mSELECT 1 AS one FROM "users" WHERE "users"."email" = ? LIMIT ?[0m  [["email", "stefi@example.com"], ["LIMIT", 1]]
  â†³ app/controllers/users_controller.rb:10:in `create'
  [1m[36mUser Create (0.2ms)[0m  [1m[32mINSERT INTO "users" ("email", "password_digest", "created_at", "updated_at") VALUES (?, ?, ?, ?) RETURNING "id"[0m  [["email", "stefi@example.com"], ["password_digest", "[FILTERED]"], ["created_at", "2024-02-03 12:27:32.529535"], ["updated_at", "2024-02-03 12:27:32.529535"]]
  â†³ app/controllers/users_controller.rb:10:in `create'
  [1m[36mTRANSACTION (1.8ms)[0m  [1m[36mcommit transaction[0m
  â†³ app/controllers/users_controller.rb:10:in `create'
Redirected to http://localhost:3000/
Completed 302 Found in 339ms (ActiveRecord: 3.7ms | Allocations: 9370)


Started GET "/" for ::1 at 2024-02-03 12:27:32 +0000
Processing by HomeController#index as HTML
  Rendering layout layouts/application.html.erb
  Rendering home/index.html.erb within layouts/application
  Rendered home/index.html.erb within layouts/application (Duration: 0.2ms | Allocations: 76)
  Rendered layout layouts/application.html.erb (Duration: 6.1ms | Allocations: 1443)
Completed 200 OK in 8ms (Views: 6.9ms | ActiveRecord: 0.0ms | Allocations: 1750)


Started GET "/login" for ::1 at 2024-02-03 12:27:37 +0000
Processing by SessionsController#login as HTML
  Rendering layout layouts/application.html.erb
  Rendering sessions/login.html.erb within layouts/application
  Rendered sessions/login.html.erb within layouts/application (Duration: 0.9ms | Allocations: 420)
  Rendered layout layouts/application.html.erb (Duration: 5.5ms | Allocations: 1396)
Completed 200 OK in 8ms (Views: 6.3ms | ActiveRecord: 0.0ms | Allocations: 1650)


Started POST "/login" for ::1 at 2024-02-03 12:27:46 +0000
Processing by SessionsController#create as HTML
  Parameters: {"authenticity_token"=>"[FILTERED]", "email"=>"stefi@example.com", "password"=>"[FILTERED]", "commit"=>"Login"}
  [1m[36mUser Load (0.3ms)[0m  [1m[34mSELECT "users".* FROM "users" WHERE "users"."email" = ? LIMIT ?[0m  [["email", "stefi@example.com"], ["LIMIT", 1]]
  â†³ app/controllers/sessions_controller.rb:3:in `create'
Completed 500 Internal Server Error in 453ms (ActiveRecord: 0.3ms | Allocations: 2002)


  
ActionController::UrlGenerationError (No route matches {:action=>"show", :controller=>"users"}, missing required keys: [:id]):
  
app/controllers/sessions_controller.rb:9:in `create'
Started POST "/login" for ::1 at 2024-02-03 12:30:28 +0000
Processing by SessionsController#create as HTML
  Parameters: {"authenticity_token"=>"[FILTERED]", "email"=>"stefi@example.com", "password"=>"[FILTERED]", "commit"=>"Login"}
  [1m[36mUser Load (0.1ms)[0m  [1m[34mSELECT "users".* FROM "users" WHERE "users"."email" = ? LIMIT ?[0m  [["email", "stefi@example.com"], ["LIMIT", 1]]
  â†³ app/controllers/sessions_controller.rb:3:in `create'
Completed 500 Internal Server Error in 224ms (ActiveRecord: 4.0ms | Allocations: 5969)


  
ActionController::UrlGenerationError (No route matches {:action=>"show", :controller=>"users"}, missing required keys: [:id]):
  
app/controllers/sessions_controller.rb:9:in `create'
Started POST "/login" for ::1 at 2024-02-03 12:32:42 +0000
Processing by SessionsController#create as HTML
  Parameters: {"authenticity_token"=>"[FILTERED]", "email"=>"stefi@example.com", "password"=>"[FILTERED]", "commit"=>"Login"}
  [1m[36mUser Load (0.1ms)[0m  [1m[34mSELECT "users".* FROM "users" WHERE "users"."email" = ? LIMIT ?[0m  [["email", "stefi@example.com"], ["LIMIT", 1]]
  â†³ app/controllers/sessions_controller.rb:3:in `create'
Completed 500 Internal Server Error in 219ms (ActiveRecord: 3.0ms | Allocations: 5957)


  
ActionController::UrlGenerationError (No route matches {:action=>"show", :controller=>"users"}, missing required keys: [:id]):
  
app/controllers/sessions_controller.rb:9:in `create'
Started GET "/" for ::1 at 2024-02-03 12:33:24 +0000
Processing by HomeController#index as HTML
  Rendering layout layouts/application.html.erb
  Rendering home/index.html.erb within layouts/application
  Rendered home/index.html.erb within layouts/application (Duration: 0.7ms | Allocations: 258)
  Rendered layout layouts/application.html.erb (Duration: 5.2ms | Allocations: 1874)
Completed 200 OK in 14ms (Views: 11.6ms | ActiveRecord: 0.0ms | Allocations: 2899)


Started GET "/" for ::1 at 2024-02-03 12:33:32 +0000
Processing by HomeController#index as HTML
  Rendering layout layouts/application.html.erb
  Rendering home/index.html.erb within layouts/application
  Rendered home/index.html.erb within layouts/application (Duration: 0.9ms | Allocations: 276)
  Rendered layout layouts/application.html.erb (Duration: 4.8ms | Allocations: 1881)
Completed 200 OK in 13ms (Views: 10.7ms | ActiveRecord: 0.0ms | Allocations: 2950)


Started GET "/" for ::1 at 2024-02-03 12:34:52 +0000
Processing by HomeController#index as HTML
  Rendering layout layouts/application.html.erb
  Rendering home/index.html.erb within layouts/application
  Rendered home/index.html.erb within layouts/application (Duration: 0.7ms | Allocations: 276)
  Rendered layout layouts/application.html.erb (Duration: 5.3ms | Allocations: 1871)
Completed 200 OK in 13ms (Views: 10.7ms | ActiveRecord: 0.0ms | Allocations: 2940)


Started GET "/login" for ::1 at 2024-02-03 12:37:46 +0000
Processing by SessionsController#login as HTML
  Rendering layout layouts/application.html.erb
  Rendering sessions/login.html.erb within layouts/application
  Rendered sessions/login.html.erb within layouts/application (Duration: 2.4ms | Allocations: 812)
  Rendered layout layouts/application.html.erb (Duration: 7.7ms | Allocations: 1892)
Completed 200 OK in 16ms (Views: 13.5ms | ActiveRecord: 0.0ms | Allocations: 2348)


Started GET "/login" for ::1 at 2024-02-03 12:37:49 +0000
Processing by SessionsController#login as HTML
  Rendering layout layouts/application.html.erb
  Rendering sessions/login.html.erb within layouts/application
  Rendered sessions/login.html.erb within layouts/application (Duration: 0.7ms | Allocations: 425)
  Rendered layout layouts/application.html.erb (Duration: 4.9ms | Allocations: 1401)
Completed 200 OK in 8ms (Views: 5.8ms | ActiveRecord: 0.0ms | Allocations: 1655)


Started POST "/login" for ::1 at 2024-02-03 12:38:00 +0000
Processing by SessionsController#create as HTML
  Parameters: {"authenticity_token"=>"[FILTERED]", "email"=>"stefi@example.com", "password"=>"[FILTERED]", "commit"=>"Login"}
  [1m[36mUser Load (0.2ms)[0m  [1m[34mSELECT "users".* FROM "users" WHERE "users"."email" = ? LIMIT ?[0m  [["email", "stefi@example.com"], ["LIMIT", 1]]
  â†³ app/controllers/sessions_controller.rb:3:in `create'
Completed 500 Internal Server Error in 442ms (ActiveRecord: 6.5ms | Allocations: 5876)


  
ActionController::UrlGenerationError (No route matches {:action=>"show", :controller=>"users"}, missing required keys: [:id]):
  
app/controllers/sessions_controller.rb:9:in `create'
Started POST "/login" for ::1 at 2024-02-03 12:38:45 +0000
Processing by SessionsController#create as HTML
  Parameters: {"authenticity_token"=>"[FILTERED]", "email"=>"stefi@example.com", "password"=>"[FILTERED]", "commit"=>"Login"}
  [1m[36mUser Load (0.2ms)[0m  [1m[34mSELECT "users".* FROM "users" WHERE "users"."email" = ? LIMIT ?[0m  [["email", "stefi@example.com"], ["LIMIT", 1]]
  â†³ app/controllers/sessions_controller.rb:3:in `create'
Completed 500 Internal Server Error in 292ms (ActiveRecord: 5.6ms | Allocations: 8574)


  
NameError (undefined local variable or method `show_user_path' for #<SessionsController:0x0000000001f360>

      redirect_to show_user_path
                  ^^^^^^^^^^^^^^
Did you mean?  new_user_path):
  
app/controllers/sessions_controller.rb:9:in `create'
Started POST "/login" for ::1 at 2024-02-03 12:39:53 +0000
  [1m[36mActiveRecord::SchemaMigration Load (0.1ms)[0m  [1m[34mSELECT "schema_migrations"."version" FROM "schema_migrations" ORDER BY "schema_migrations"."version" ASC[0m
Processing by SessionsController#create as HTML
  Parameters: {"authenticity_token"=>"[FILTERED]", "email"=>"stefi@example.com", "password"=>"[FILTERED]", "commit"=>"Login"}
  [1m[36mUser Load (0.2ms)[0m  [1m[34mSELECT "users".* FROM "users" WHERE "users"."email" = ? LIMIT ?[0m  [["email", "stefi@example.com"], ["LIMIT", 1]]
  â†³ app/controllers/sessions_controller.rb:3:in `create'
Completed 500 Internal Server Error in 272ms (ActiveRecord: 3.9ms | Allocations: 24003)


  
NameError (undefined local variable or method `show_user_path' for #<SessionsController:0x0000000000b220>

      redirect_to show_user_path
                  ^^^^^^^^^^^^^^
Did you mean?  new_user_path):
  
app/controllers/sessions_controller.rb:9:in `create'
Started POST "/login" for ::1 at 2024-02-03 12:40:05 +0000
Processing by SessionsController#create as HTML
  Parameters: {"authenticity_token"=>"[FILTERED]", "email"=>"stefi@example.com", "password"=>"[FILTERED]", "commit"=>"Login"}
  [1m[36mUser Load (0.1ms)[0m  [1m[34mSELECT "users".* FROM "users" WHERE "users"."email" = ? LIMIT ?[0m  [["email", "stefi@example.com"], ["LIMIT", 1]]
  â†³ app/controllers/sessions_controller.rb:3:in `create'
Redirected to http://localhost:3000/login
Completed 302 Found in 275ms (ActiveRecord: 4.6ms | Allocations: 5563)


Started GET "/login" for ::1 at 2024-02-03 12:40:07 +0000
Processing by SessionsController#login as HTML
  Rendering layout layouts/application.html.erb
  Rendering sessions/login.html.erb within layouts/application
  Rendered sessions/login.html.erb within layouts/application (Duration: 7.7ms | Allocations: 928)
  Rendered layout layouts/application.html.erb (Duration: 58.9ms | Allocations: 20389)
Completed 200 OK in 67ms (Views: 65.4ms | ActiveRecord: 0.0ms | Allocations: 21290)


Started POST "/login" for ::1 at 2024-02-03 12:40:13 +0000
Processing by SessionsController#create as HTML
  Parameters: {"authenticity_token"=>"[FILTERED]", "email"=>"stefi@example.com", "password"=>"[FILTERED]", "commit"=>"Login"}
  [1m[36mUser Load (0.1ms)[0m  [1m[34mSELECT "users".* FROM "users" WHERE "users"."email" = ? LIMIT ?[0m  [["email", "stefi@example.com"], ["LIMIT", 1]]
  â†³ app/controllers/sessions_controller.rb:3:in `create'
Completed 500 Internal Server Error in 350ms (ActiveRecord: 0.1ms | Allocations: 4221)


  
NameError (undefined local variable or method `sooohow_user_path' for #<SessionsController:0x0000000000f500>

      redirect_to sooohow_user_path
                  ^^^^^^^^^^^^^^^^^):
  
app/controllers/sessions_controller.rb:9:in `create'
Started GET "/rails/info/routes" for ::1 at 2024-02-03 12:40:36 +0000
Processing by Rails::InfoController#routes as HTML
  Rendering layout C:/Ruby31-x64/lib/ruby/gems/3.1.0/gems/railties-7.1.3/lib/rails/templates/layouts/application.html.erb
  Rendering C:/Ruby31-x64/lib/ruby/gems/3.1.0/gems/railties-7.1.3/lib/rails/templates/rails/info/routes.html.erb within layouts/application
  Rendered collection of C:/Ruby31-x64/lib/ruby/gems/3.1.0/gems/actionpack-7.1.3/lib/action_dispatch/middleware/templates/routes/_route.html.erb [40 times] (Duration: 8.8ms | Allocations: 7269)
  Rendered C:/Ruby31-x64/lib/ruby/gems/3.1.0/gems/actionpack-7.1.3/lib/action_dispatch/middleware/templates/routes/_table.html.erb (Duration: 4.0ms | Allocations: 997)
  Rendered C:/Ruby31-x64/lib/ruby/gems/3.1.0/gems/railties-7.1.3/lib/rails/templates/rails/info/routes.html.erb within layouts/application (Duration: 20.8ms | Allocations: 13072)
  Rendered layout C:/Ruby31-x64/lib/ruby/gems/3.1.0/gems/railties-7.1.3/lib/rails/templates/layouts/application.html.erb (Duration: 23.7ms | Allocations: 13381)
Completed 200 OK in 72ms (Views: 55.3ms | ActiveRecord: 0.0ms | Allocations: 14466)


Started POST "/login" for ::1 at 2024-02-03 12:41:02 +0000
Processing by SessionsController#create as HTML
  Parameters: {"authenticity_token"=>"[FILTERED]", "email"=>"stefi@example.com", "password"=>"[FILTERED]", "commit"=>"Login"}
  [1m[36mUser Load (0.1ms)[0m  [1m[34mSELECT "users".* FROM "users" WHERE "users"."email" = ? LIMIT ?[0m  [["email", "stefi@example.com"], ["LIMIT", 1]]
  â†³ app/controllers/sessions_controller.rb:3:in `create'
Completed 500 Internal Server Error in 435ms (ActiveRecord: 4.7ms | Allocations: 6009)


  
ActionController::UrlGenerationError (No route matches {:action=>"show", :controller=>"users"}, missing required keys: [:id]):
  
app/controllers/sessions_controller.rb:9:in `create'
Started POST "/login" for ::1 at 2024-02-03 12:41:24 +0000
Processing by SessionsController#create as HTML
  Parameters: {"authenticity_token"=>"[FILTERED]", "email"=>"stefi@example.com", "password"=>"[FILTERED]", "commit"=>"Login"}
  [1m[36mUser Load (0.2ms)[0m  [1m[34mSELECT "users".* FROM "users" WHERE "users"."email" = ? LIMIT ?[0m  [["email", "stefi@example.com"], ["LIMIT", 1]]
  â†³ app/controllers/sessions_controller.rb:3:in `create'
Redirected to http://localhost:3000/users/1
Completed 302 Found in 285ms (ActiveRecord: 5.4ms | Allocations: 5432)


Started GET "/users/1" for ::1 at 2024-02-03 12:41:26 +0000
Processing by UsersController#show as HTML
  Parameters: {"id"=>"1"}
  [1m[36mUser Load (0.2ms)[0m  [1m[34mSELECT "users".* FROM "users" WHERE "users"."id" = ? LIMIT ?[0m  [["id", 1], ["LIMIT", 1]]
  â†³ app/controllers/users_controller.rb:20:in `show'
  Rendering layout layouts/application.html.erb
  Rendering users/show.html.erb within layouts/application
  Rendered users/show.html.erb within layouts/application (Duration: 1.7ms | Allocations: 1937)
  Rendered layout layouts/application.html.erb (Duration: 2.2ms | Allocations: 2024)
Completed 500 Internal Server Error in 13ms (ActiveRecord: 0.2ms | Allocations: 4245)


  
ActionView::Template::Error (undefined method `each' for nil:NilClass

'.freeze;             @classes_taken.each do |class_taken| 
                                    ^^^^^):
     9: 
    10:         <p class="details-label">Classes Taken:</p>
    11:         <ul id="classes-taken">
    12:             <% @classes_taken.each do |class_taken| %>
    13:                 <li><%= class_taken %></li>
    14:             <% end %>
    15:         </ul>
  
app/views/users/show.html.erb:12
app/controllers/users_controller.rb:21:in `show'
Started GET "/users/1" for ::1 at 2024-02-03 12:43:37 +0000
Processing by UsersController#show as HTML
  Parameters: {"id"=>"1"}
  [1m[36mUser Load (0.2ms)[0m  [1m[34mSELECT "users".* FROM "users" WHERE "users"."id" = ? LIMIT ?[0m  [["id", 1], ["LIMIT", 1]]
  â†³ app/controllers/users_controller.rb:20:in `show'
  Rendering layout layouts/application.html.erb
  Rendering users/show.html.erb within layouts/application
  Rendered users/show.html.erb within layouts/application (Duration: 0.9ms | Allocations: 151)
  Rendered layout layouts/application.html.erb (Duration: 5.7ms | Allocations: 1781)
Completed 200 OK in 35ms (Views: 16.9ms | ActiveRecord: 4.9ms | Allocations: 7995)


Started GET "/" for ::1 at 2024-02-03 12:44:17 +0000
Processing by HomeController#index as HTML
  Rendering layout layouts/application.html.erb
  Rendering home/index.html.erb within layouts/application
  Rendered home/index.html.erb within layouts/application (Duration: 0.9ms | Allocations: 276)
  Rendered layout layouts/application.html.erb (Duration: 6.3ms | Allocations: 1887)
Completed 200 OK in 15ms (Views: 12.2ms | ActiveRecord: 0.0ms | Allocations: 2962)


Started GET "/" for ::1 at 2024-02-03 12:46:27 +0000
Processing by HomeController#index as HTML
  Rendering layout layouts/application.html.erb
  Rendering home/index.html.erb within layouts/application
  Rendered home/index.html.erb within layouts/application (Duration: 0.2ms | Allocations: 57)
  Rendered layout layouts/application.html.erb (Duration: 75.9ms | Allocations: 3850)
Completed 200 OK in 79ms (Views: 76.8ms | ActiveRecord: 0.0ms | Allocations: 4119)


Started GET "/" for ::1 at 2024-02-03 12:46:52 +0000
Processing by HomeController#index as HTML
  Rendering layout layouts/application.html.erb
  Rendering home/index.html.erb within layouts/application
  Rendered home/index.html.erb within layouts/application (Duration: 0.3ms | Allocations: 57)
  Rendered layout layouts/application.html.erb (Duration: 22.8ms | Allocations: 2569)
Completed 200 OK in 25ms (Views: 23.8ms | ActiveRecord: 0.0ms | Allocations: 2822)


Started GET "/" for ::1 at 2024-02-03 12:46:57 +0000
Processing by HomeController#index as HTML
  Rendering layout layouts/application.html.erb
  Rendering home/index.html.erb within layouts/application
  Rendered home/index.html.erb within layouts/application (Duration: 0.2ms | Allocations: 57)
  Rendered layout layouts/application.html.erb (Duration: 22.0ms | Allocations: 2552)
Completed 200 OK in 25ms (Views: 22.9ms | ActiveRecord: 0.0ms | Allocations: 2805)


Started GET "/" for ::1 at 2024-02-03 12:53:17 +0000
Processing by HomeController#index as HTML
  Rendering layout layouts/application.html.erb
  Rendering home/index.html.erb within layouts/application
  Rendered home/index.html.erb within layouts/application (Duration: 0.2ms | Allocations: 57)
  Rendered layout layouts/application.html.erb (Duration: 4.0ms | Allocations: 1211)
Completed 200 OK in 6ms (Views: 4.9ms | ActiveRecord: 0.0ms | Allocations: 1464)


  [1m[36mActiveRecord::InternalMetadata Load (0.1ms)[0m  [1m[34mSELECT * FROM "ar_internal_metadata" WHERE "ar_internal_metadata"."key" = ? ORDER BY "ar_internal_metadata"."key" ASC LIMIT 1[0m  [[nil, "environment"]]
  [1m[36mActiveRecord::SchemaMigration Load (0.1ms)[0m  [1m[34mSELECT "schema_migrations"."version" FROM "schema_migrations" ORDER BY "schema_migrations"."version" ASC[0m
  [1m[36mActiveRecord::SchemaMigration Load (0.0ms)[0m  [1m[34mSELECT "schema_migrations"."version" FROM "schema_migrations" ORDER BY "schema_migrations"."version" ASC[0m
  [1m[36mActiveRecord::InternalMetadata Load (0.1ms)[0m  [1m[34mSELECT * FROM "ar_internal_metadata" WHERE "ar_internal_metadata"."key" = ? ORDER BY "ar_internal_metadata"."key" ASC LIMIT 1[0m  [[nil, "environment"]]
  [1m[36mActiveRecord::SchemaMigration Load (0.1ms)[0m  [1m[34mSELECT "schema_migrations"."version" FROM "schema_migrations" ORDER BY "schema_migrations"."version" ASC[0m
Migrating to CreatePastPapers (20240203125740)
  [1m[36mTRANSACTION (0.1ms)[0m  [1m[36mbegin transaction[0m
  [1m[35m (1.0ms)[0m  [1m[35mCREATE TABLE "past_papers" ("id" integer PRIMARY KEY AUTOINCREMENT NOT NULL, "course_id" integer NOT NULL, "year" integer, "created_at" datetime(6) NOT NULL, "updated_at" datetime(6) NOT NULL, CONSTRAINT "fk_rails_4a7ab27614"
FOREIGN KEY ("course_id")
  REFERENCES "courses" ("id")
)[0m
  [1m[35m (0.1ms)[0m  [1m[35mCREATE INDEX "index_past_papers_on_course_id" ON "past_papers" ("course_id")[0m
  [1m[36mActiveRecord::SchemaMigration Create (0.2ms)[0m  [1m[32mINSERT INTO "schema_migrations" ("version") VALUES ('20240203125740') RETURNING "version"[0m
  [1m[36mTRANSACTION (1.6ms)[0m  [1m[36mcommit transaction[0m
  [1m[36mActiveRecord::SchemaMigration Load (0.1ms)[0m  [1m[34mSELECT "schema_migrations"."version" FROM "schema_migrations" ORDER BY "schema_migrations"."version" ASC[0m
Started GET "/" for ::1 at 2024-02-03 13:02:19 +0000
  [1m[36mActiveRecord::SchemaMigration Load (0.1ms)[0m  [1m[34mSELECT "schema_migrations"."version" FROM "schema_migrations" ORDER BY "schema_migrations"."version" ASC[0m
Processing by HomeController#index as HTML
  Rendering layout layouts/application.html.erb
  Rendering home/index.html.erb within layouts/application
  Rendered home/index.html.erb within layouts/application (Duration: 1.0ms | Allocations: 277)
  Rendered layout layouts/application.html.erb (Duration: 27.2ms | Allocations: 3271)
Completed 200 OK in 35ms (Views: 32.7ms | ActiveRecord: 0.0ms | Allocations: 4339)


Started GET "/" for ::1 at 2024-02-03 13:08:40 +0000
Processing by HomeController#index as HTML
  Rendering layout layouts/application.html.erb
  Rendering home/index.html.erb within layouts/application
  Rendered home/index.html.erb within layouts/application (Duration: 0.7ms | Allocations: 277)
  Rendered layout layouts/application.html.erb (Duration: 4.7ms | Allocations: 1848)
Completed 200 OK in 14ms (Views: 10.8ms | ActiveRecord: 0.0ms | Allocations: 2916)


Started GET "/" for ::1 at 2024-02-03 13:08:44 +0000
Processing by HomeController#index as HTML
  Rendering layout layouts/application.html.erb
  Rendering home/index.html.erb within layouts/application
  Rendered home/index.html.erb within layouts/application (Duration: 0.2ms | Allocations: 57)
  Rendered layout layouts/application.html.erb (Duration: 3.9ms | Allocations: 1206)
Completed 200 OK in 6ms (Views: 4.8ms | ActiveRecord: 0.0ms | Allocations: 1475)


Started GET "/login" for ::1 at 2024-02-03 13:08:46 +0000
Processing by SessionsController#login as HTML
  Rendering layout layouts/application.html.erb
  Rendering sessions/login.html.erb within layouts/application
  Rendered sessions/login.html.erb within layouts/application (Duration: 1.6ms | Allocations: 831)
  Rendered layout layouts/application.html.erb (Duration: 5.1ms | Allocations: 1859)
Completed 200 OK in 10ms (Views: 9.2ms | ActiveRecord: 0.0ms | Allocations: 2315)


Started GET "/users/new" for ::1 at 2024-02-03 13:08:47 +0000
Processing by UsersController#new as HTML
  Rendering layout layouts/application.html.erb
  Rendering users/new.html.erb within layouts/application
  Rendered users/new.html.erb within layouts/application (Duration: 8.2ms | Allocations: 1975)
  Rendered layout layouts/application.html.erb (Duration: 11.6ms | Allocations: 3037)
Completed 200 OK in 28ms (Views: 15.9ms | ActiveRecord: 2.9ms | Allocations: 7532)


Started GET "/" for ::1 at 2024-02-03 13:10:27 +0000
Processing by HomeController#index as HTML
  Rendering layout layouts/application.html.erb
  Rendering home/index.html.erb within layouts/application
  Rendered home/index.html.erb within layouts/application (Duration: 0.9ms | Allocations: 278)
  Rendered layout layouts/application.html.erb (Duration: 28.6ms | Allocations: 3288)
Completed 200 OK in 38ms (Views: 34.0ms | ActiveRecord: 0.0ms | Allocations: 4356)


Started GET "/" for ::1 at 2024-02-03 13:10:40 +0000
Processing by HomeController#index as HTML
  Rendering layout layouts/application.html.erb
  Rendering home/index.html.erb within layouts/application
  Rendered home/index.html.erb within layouts/application (Duration: 0.2ms | Allocations: 57)
  Rendered layout layouts/application.html.erb (Duration: 22.8ms | Allocations: 2576)
Completed 200 OK in 26ms (Views: 24.3ms | ActiveRecord: 0.0ms | Allocations: 2845)


Started GET "/" for ::1 at 2024-02-03 13:12:25 +0000
Processing by HomeController#index as HTML
  Rendering layout layouts/application.html.erb
  Rendering home/index.html.erb within layouts/application
  Rendered home/index.html.erb within layouts/application (Duration: 0.9ms | Allocations: 312)
  Rendered layout layouts/application.html.erb (Duration: 26.2ms | Allocations: 3338)
Completed 200 OK in 36ms (Views: 32.1ms | ActiveRecord: 0.0ms | Allocations: 4406)


Started GET "/" for ::1 at 2024-02-03 13:12:55 +0000
Processing by HomeController#index as HTML
  Rendering layout layouts/application.html.erb
  Rendering home/index.html.erb within layouts/application
  Rendered home/index.html.erb within layouts/application (Duration: 0.2ms | Allocations: 80)
  Rendered layout layouts/application.html.erb (Duration: 25.3ms | Allocations: 2650)
Completed 200 OK in 27ms (Views: 26.2ms | ActiveRecord: 0.0ms | Allocations: 2919)


Started GET "/" for ::1 at 2024-02-03 13:13:11 +0000
Processing by HomeController#index as HTML
  Rendering layout layouts/application.html.erb
  Rendering home/index.html.erb within layouts/application
  Rendered home/index.html.erb within layouts/application (Duration: 0.2ms | Allocations: 80)
  Rendered layout layouts/application.html.erb (Duration: 21.4ms | Allocations: 2644)
Completed 200 OK in 23ms (Views: 22.3ms | ActiveRecord: 0.0ms | Allocations: 2897)


Started GET "/" for ::1 at 2024-02-03 13:13:45 +0000
Processing by HomeController#index as HTML
  Rendering layout layouts/application.html.erb
  Rendering home/index.html.erb within layouts/application
  Rendered home/index.html.erb within layouts/application (Duration: 0.2ms | Allocations: 80)
  Rendered layout layouts/application.html.erb (Duration: 24.9ms | Allocations: 2572)
Completed 200 OK in 27ms (Views: 25.8ms | ActiveRecord: 0.0ms | Allocations: 2825)


Started GET "/" for ::1 at 2024-02-03 13:14:00 +0000
Processing by HomeController#index as HTML
  Rendering layout layouts/application.html.erb
  Rendering home/index.html.erb within layouts/application
  Rendered home/index.html.erb within layouts/application (Duration: 0.2ms | Allocations: 80)
  Rendered layout layouts/application.html.erb (Duration: 26.1ms | Allocations: 2588)
Completed 200 OK in 28ms (Views: 27.0ms | ActiveRecord: 0.0ms | Allocations: 2841)


Started GET "/" for ::1 at 2024-02-03 13:14:11 +0000
Processing by HomeController#index as HTML
  Rendering layout layouts/application.html.erb
  Rendering home/index.html.erb within layouts/application
  Rendered home/index.html.erb within layouts/application (Duration: 0.2ms | Allocations: 80)
  Rendered layout layouts/application.html.erb (Duration: 19.9ms | Allocations: 2583)
Completed 200 OK in 22ms (Views: 21.2ms | ActiveRecord: 0.0ms | Allocations: 2836)


Started GET "/" for ::1 at 2024-02-03 13:14:36 +0000
Processing by HomeController#index as HTML
  Rendering layout layouts/application.html.erb
  Rendering home/index.html.erb within layouts/application
  Rendered home/index.html.erb within layouts/application (Duration: 0.2ms | Allocations: 80)
  Rendered layout layouts/application.html.erb (Duration: 25.8ms | Allocations: 2619)
Completed 200 OK in 28ms (Views: 26.7ms | ActiveRecord: 0.0ms | Allocations: 2872)


Started GET "/" for ::1 at 2024-02-03 14:01:55 +0000
Processing by HomeController#index as HTML
  Rendering layout layouts/application.html.erb
  Rendering home/index.html.erb within layouts/application
  Rendered home/index.html.erb within layouts/application (Duration: 0.3ms | Allocations: 80)
  Rendered layout layouts/application.html.erb (Duration: 20.8ms | Allocations: 2620)
Completed 200 OK in 24ms (Views: 22.8ms | ActiveRecord: 0.0ms | Allocations: 2873)


Started GET "/" for ::1 at 2024-02-03 14:02:11 +0000
Processing by HomeController#index as HTML
  Rendering layout layouts/application.html.erb
  Rendering home/index.html.erb within layouts/application
  Rendered home/index.html.erb within layouts/application (Duration: 0.2ms | Allocations: 80)
  Rendered layout layouts/application.html.erb (Duration: 20.6ms | Allocations: 2612)
Completed 200 OK in 23ms (Views: 21.6ms | ActiveRecord: 0.0ms | Allocations: 2865)


Started GET "/" for ::1 at 2024-02-03 14:05:03 +0000
Processing by HomeController#index as HTML
  Rendering layout layouts/application.html.erb
  Rendering home/index.html.erb within layouts/application
  Rendered home/index.html.erb within layouts/application (Duration: 0.8ms | Allocations: 350)
  Rendered layout layouts/application.html.erb (Duration: 23.3ms | Allocations: 3381)
Completed 200 OK in 34ms (Views: 28.8ms | ActiveRecord: 0.0ms | Allocations: 4450)


Started GET "/" for ::1 at 2024-02-03 14:05:17 +0000
Processing by HomeController#index as HTML
  Rendering layout layouts/application.html.erb
  Rendering home/index.html.erb within layouts/application
  Rendered home/index.html.erb within layouts/application (Duration: 0.2ms | Allocations: 103)
  Rendered layout layouts/application.html.erb (Duration: 20.3ms | Allocations: 2619)
Completed 200 OK in 22ms (Views: 21.2ms | ActiveRecord: 0.0ms | Allocations: 2888)


Started GET "/" for ::1 at 2024-02-03 14:06:29 +0000
Processing by HomeController#index as HTML
  Rendering layout layouts/application.html.erb
  Rendering home/index.html.erb within layouts/application
  Rendered home/index.html.erb within layouts/application (Duration: 0.9ms | Allocations: 351)
  Rendered layout layouts/application.html.erb (Duration: 21.5ms | Allocations: 3388)
Completed 200 OK in 30ms (Views: 27.2ms | ActiveRecord: 0.0ms | Allocations: 4456)


Started GET "/" for ::1 at 2024-02-03 14:06:43 +0000
Processing by HomeController#index as HTML
  Rendering layout layouts/application.html.erb
  Rendering home/index.html.erb within layouts/application
  Rendered home/index.html.erb within layouts/application (Duration: 0.2ms | Allocations: 103)
  Rendered layout layouts/application.html.erb (Duration: 25.5ms | Allocations: 2627)
Completed 200 OK in 28ms (Views: 26.7ms | ActiveRecord: 0.0ms | Allocations: 2896)


Started GET "/" for ::1 at 2024-02-03 14:07:08 +0000
Processing by HomeController#index as HTML
  Rendering layout layouts/application.html.erb
  Rendering home/index.html.erb within layouts/application
  Rendered home/index.html.erb within layouts/application (Duration: 0.5ms | Allocations: 103)
  Rendered layout layouts/application.html.erb (Duration: 32.1ms | Allocations: 2646)
Completed 200 OK in 34ms (Views: 33.0ms | ActiveRecord: 0.0ms | Allocations: 2899)


Started GET "/" for ::1 at 2024-02-03 14:07:10 +0000
Processing by HomeController#index as HTML
  Rendering layout layouts/application.html.erb
  Rendering home/index.html.erb within layouts/application
  Rendered home/index.html.erb within layouts/application (Duration: 0.2ms | Allocations: 103)
  Rendered layout layouts/application.html.erb (Duration: 3.4ms | Allocations: 1242)
Completed 200 OK in 6ms (Views: 4.5ms | ActiveRecord: 0.0ms | Allocations: 1495)


Started GET "/" for ::1 at 2024-02-03 14:07:21 +0000
Processing by HomeController#index as HTML
  Rendering layout layouts/application.html.erb
  Rendering home/index.html.erb within layouts/application
  Rendered home/index.html.erb within layouts/application (Duration: 0.2ms | Allocations: 103)
  Rendered layout layouts/application.html.erb (Duration: 21.0ms | Allocations: 2642)
Completed 200 OK in 23ms (Views: 21.9ms | ActiveRecord: 0.0ms | Allocations: 2895)


Started GET "/" for ::1 at 2024-02-03 14:07:56 +0000
Processing by HomeController#index as HTML
  Rendering layout layouts/application.html.erb
  Rendering home/index.html.erb within layouts/application
  Rendered home/index.html.erb within layouts/application (Duration: 0.9ms | Allocations: 351)
  Rendered layout layouts/application.html.erb (Duration: 24.4ms | Allocations: 3381)
Completed 200 OK in 34ms (Views: 30.7ms | ActiveRecord: 0.0ms | Allocations: 4449)


Started GET "/" for ::1 at 2024-02-03 14:08:57 +0000
Processing by HomeController#index as HTML
  Rendering layout layouts/application.html.erb
  Rendering home/index.html.erb within layouts/application
  Rendered home/index.html.erb within layouts/application (Duration: 0.3ms | Allocations: 103)
  Rendered layout layouts/application.html.erb (Duration: 22.9ms | Allocations: 2652)
Completed 200 OK in 25ms (Views: 24.1ms | ActiveRecord: 0.0ms | Allocations: 2921)


Started GET "/" for ::1 at 2024-02-03 14:09:05 +0000
Processing by HomeController#index as HTML
  Rendering layout layouts/application.html.erb
  Rendering home/index.html.erb within layouts/application
  Rendered home/index.html.erb within layouts/application (Duration: 0.2ms | Allocations: 103)
  Rendered layout layouts/application.html.erb (Duration: 29.4ms | Allocations: 2657)
Completed 200 OK in 31ms (Views: 30.2ms | ActiveRecord: 0.0ms | Allocations: 2910)


Started GET "/" for ::1 at 2024-02-03 14:09:26 +0000
Processing by HomeController#index as HTML
  Rendering layout layouts/application.html.erb
  Rendering home/index.html.erb within layouts/application
  Rendered home/index.html.erb within layouts/application (Duration: 0.8ms | Allocations: 103)
  Rendered layout layouts/application.html.erb (Duration: 24.2ms | Allocations: 2624)
Completed 200 OK in 26ms (Views: 25.2ms | ActiveRecord: 0.0ms | Allocations: 2877)


Started GET "/" for ::1 at 2024-02-03 14:09:55 +0000
Processing by HomeController#index as HTML
  Rendering layout layouts/application.html.erb
  Rendering home/index.html.erb within layouts/application
  Rendered home/index.html.erb within layouts/application (Duration: 0.2ms | Allocations: 103)
  Rendered layout layouts/application.html.erb (Duration: 20.8ms | Allocations: 2635)
Completed 200 OK in 23ms (Views: 21.8ms | ActiveRecord: 0.0ms | Allocations: 2888)


Started GET "/" for ::1 at 2024-02-03 14:10:32 +0000
Processing by HomeController#index as HTML
  Rendering layout layouts/application.html.erb
  Rendering home/index.html.erb within layouts/application
  Rendered home/index.html.erb within layouts/application (Duration: 0.2ms | Allocations: 103)
  Rendered layout layouts/application.html.erb (Duration: 21.0ms | Allocations: 2685)
Completed 200 OK in 23ms (Views: 21.9ms | ActiveRecord: 0.0ms | Allocations: 2938)


Started GET "/" for ::1 at 2024-02-03 14:10:45 +0000
Processing by HomeController#index as HTML
  Rendering layout layouts/application.html.erb
  Rendering home/index.html.erb within layouts/application
  Rendered home/index.html.erb within layouts/application (Duration: 0.2ms | Allocations: 103)
  Rendered layout layouts/application.html.erb (Duration: 23.7ms | Allocations: 2633)
Completed 200 OK in 26ms (Views: 25.0ms | ActiveRecord: 0.0ms | Allocations: 2886)


Started GET "/" for ::1 at 2024-02-03 14:10:46 +0000
Processing by HomeController#index as HTML
  Rendering layout layouts/application.html.erb
  Rendering home/index.html.erb within layouts/application
  Rendered home/index.html.erb within layouts/application (Duration: 0.2ms | Allocations: 103)
  Rendered layout layouts/application.html.erb (Duration: 3.9ms | Allocations: 1248)
Completed 200 OK in 6ms (Views: 5.0ms | ActiveRecord: 0.0ms | Allocations: 1501)


Started GET "/" for ::1 at 2024-02-03 14:11:00 +0000
Processing by HomeController#index as HTML
  Rendering layout layouts/application.html.erb
  Rendering home/index.html.erb within layouts/application
  Rendered home/index.html.erb within layouts/application (Duration: 0.2ms | Allocations: 103)
  Rendered layout layouts/application.html.erb (Duration: 19.9ms | Allocations: 2634)
Completed 200 OK in 22ms (Views: 21.3ms | ActiveRecord: 0.0ms | Allocations: 2887)


Started GET "/" for ::1 at 2024-02-03 14:11:07 +0000
Processing by HomeController#index as HTML
  Rendering layout layouts/application.html.erb
  Rendering home/index.html.erb within layouts/application
  Rendered home/index.html.erb within layouts/application (Duration: 0.3ms | Allocations: 103)
  Rendered layout layouts/application.html.erb (Duration: 7.8ms | Allocations: 1307)
Completed 200 OK in 10ms (Views: 8.6ms | ActiveRecord: 0.0ms | Allocations: 1560)


Started GET "/" for ::1 at 2024-02-03 14:11:24 +0000
Processing by HomeController#index as HTML
  Rendering layout layouts/application.html.erb
  Rendering home/index.html.erb within layouts/application
  Rendered home/index.html.erb within layouts/application (Duration: 0.8ms | Allocations: 348)
  Rendered layout layouts/application.html.erb (Duration: 5.5ms | Allocations: 1923)
Completed 200 OK in 15ms (Views: 11.5ms | ActiveRecord: 0.0ms | Allocations: 2991)


Started GET "/" for ::1 at 2024-02-03 14:11:42 +0000
Processing by HomeController#index as HTML
  Rendering layout layouts/application.html.erb
  Rendering home/index.html.erb within layouts/application
  Rendered home/index.html.erb within layouts/application (Duration: 0.3ms | Allocations: 103)
  Rendered layout layouts/application.html.erb (Duration: 21.9ms | Allocations: 2705)
Completed 200 OK in 24ms (Views: 22.9ms | ActiveRecord: 0.0ms | Allocations: 2974)


Started GET "/" for ::1 at 2024-02-03 14:11:59 +0000
Processing by HomeController#index as HTML
  Rendering layout layouts/application.html.erb
  Rendering home/index.html.erb within layouts/application
  Rendered home/index.html.erb within layouts/application (Duration: 0.2ms | Allocations: 103)
  Rendered layout layouts/application.html.erb (Duration: 21.7ms | Allocations: 2633)
Completed 200 OK in 24ms (Views: 23.1ms | ActiveRecord: 0.0ms | Allocations: 2886)


Started GET "/" for ::1 at 2024-02-03 14:12:05 +0000
Processing by HomeController#index as HTML
  Rendering layout layouts/application.html.erb
  Rendering home/index.html.erb within layouts/application
  Rendered home/index.html.erb within layouts/application (Duration: 0.2ms | Allocations: 103)
  Rendered layout layouts/application.html.erb (Duration: 5.9ms | Allocations: 1278)
Completed 200 OK in 8ms (Views: 6.7ms | ActiveRecord: 0.0ms | Allocations: 1531)


Started GET "/" for ::1 at 2024-02-03 14:12:19 +0000
Processing by HomeController#index as HTML
  Rendering layout layouts/application.html.erb
  Rendering home/index.html.erb within layouts/application
  Rendered home/index.html.erb within layouts/application (Duration: 0.2ms | Allocations: 103)
  Rendered layout layouts/application.html.erb (Duration: 26.7ms | Allocations: 2623)
Completed 200 OK in 29ms (Views: 27.6ms | ActiveRecord: 0.0ms | Allocations: 2876)


Started GET "/" for ::1 at 2024-02-03 14:12:32 +0000
Processing by HomeController#index as HTML
  Rendering layout layouts/application.html.erb
  Rendering home/index.html.erb within layouts/application
  Rendered home/index.html.erb within layouts/application (Duration: 0.2ms | Allocations: 103)
  Rendered layout layouts/application.html.erb (Duration: 28.5ms | Allocations: 2635)
Completed 200 OK in 31ms (Views: 29.4ms | ActiveRecord: 0.0ms | Allocations: 2888)


Started GET "/" for ::1 at 2024-02-03 14:13:03 +0000
Processing by HomeController#index as HTML
  Rendering layout layouts/application.html.erb
  Rendering home/index.html.erb within layouts/application
  Rendered home/index.html.erb within layouts/application (Duration: 0.2ms | Allocations: 103)
  Rendered layout layouts/application.html.erb (Duration: 28.1ms | Allocations: 2637)
Completed 200 OK in 30ms (Views: 29.2ms | ActiveRecord: 0.0ms | Allocations: 2890)


Started GET "/" for ::1 at 2024-02-03 14:13:20 +0000
Processing by HomeController#index as HTML
  Rendering layout layouts/application.html.erb
  Rendering home/index.html.erb within layouts/application
  Rendered home/index.html.erb within layouts/application (Duration: 5.4ms | Allocations: 103)
  Rendered layout layouts/application.html.erb (Duration: 27.6ms | Allocations: 2645)
Completed 200 OK in 30ms (Views: 28.4ms | ActiveRecord: 0.0ms | Allocations: 2898)


Started GET "/" for ::1 at 2024-02-03 14:14:03 +0000
Processing by HomeController#index as HTML
  Rendering layout layouts/application.html.erb
  Rendering home/index.html.erb within layouts/application
  Rendered home/index.html.erb within layouts/application (Duration: 5.1ms | Allocations: 103)
  Rendered layout layouts/application.html.erb (Duration: 28.4ms | Allocations: 2627)
Completed 200 OK in 31ms (Views: 29.4ms | ActiveRecord: 0.0ms | Allocations: 2880)


Started GET "/" for ::1 at 2024-02-03 14:14:20 +0000
Processing by HomeController#index as HTML
  Rendering layout layouts/application.html.erb
  Rendering home/index.html.erb within layouts/application
  Rendered home/index.html.erb within layouts/application (Duration: 0.2ms | Allocations: 103)
  Rendered layout layouts/application.html.erb (Duration: 19.0ms | Allocations: 2638)
Completed 200 OK in 21ms (Views: 20.1ms | ActiveRecord: 0.0ms | Allocations: 2891)


Started GET "/" for ::1 at 2024-02-03 14:14:33 +0000
Processing by HomeController#index as HTML
  Rendering layout layouts/application.html.erb
  Rendering home/index.html.erb within layouts/application
  Rendered home/index.html.erb within layouts/application (Duration: 0.3ms | Allocations: 103)
  Rendered layout layouts/application.html.erb (Duration: 19.4ms | Allocations: 2664)
Completed 200 OK in 22ms (Views: 20.9ms | ActiveRecord: 0.0ms | Allocations: 2917)


Started GET "/" for ::1 at 2024-02-03 14:14:39 +0000
Processing by HomeController#index as HTML
  Rendering layout layouts/application.html.erb
  Rendering home/index.html.erb within layouts/application
  Rendered home/index.html.erb within layouts/application (Duration: 0.3ms | Allocations: 103)
  Rendered layout layouts/application.html.erb (Duration: 20.1ms | Allocations: 2628)
Completed 200 OK in 22ms (Views: 21.0ms | ActiveRecord: 0.0ms | Allocations: 2881)


Started GET "/" for ::1 at 2024-02-03 14:20:40 +0000
Processing by HomeController#index as HTML
  [1m[36mUser Load (0.1ms)[0m  [1m[34mSELECT "users".* FROM "users" WHERE "users"."id" = ? LIMIT ?[0m  [["id", 1], ["LIMIT", 1]]
  â†³ app/controllers/home_controller.rb:4:in `index'
  Rendering layout layouts/application.html.erb
  Rendering home/index.html.erb within layouts/application
  Rendered home/index.html.erb within layouts/application (Duration: 1.4ms | Allocations: 1206)
  Rendered layout layouts/application.html.erb (Duration: 2.2ms | Allocations: 1301)
Completed 500 Internal Server Error in 26ms (ActiveRecord: 3.8ms | Allocations: 7860)


  
ActionView::SyntaxErrorInTemplate (Encountered a syntax error while rendering template: check <head>
    <title>UoE Past Paper Share</title>
</head>

<body>
    <h1>University of Edinburgh Past Paper Share</h1>
    <nav class="navbar">
        <% if @user %>
            <%= button_to 'Login', login_path, method: :get, class:'button' %>
            <%= button_to 'Sign up', new_user_path, method: :get, class:'button' %>
        <% else %>
            Welcome, <%= @user.email %>
        <%= button_to 'Logout', logout_path, method: :delete, class:'button' %>
    </nav>

    <embed
        src="https://exampapers.ed.ac.uk/bitstream/handle/20.500.12593/119088/2023600_INFR10067.pdf?sequence=1&isAllowed=y"
        type="application/pdf"
        frameBorder="0"
        scrolling="auto"
        height="100%"
        width="100%"
    ></embed>
</body>

):
1:    <head>
2:        <title>UoE Past Paper Share</title>
3:    </head>
4:    
5:    <body>
6:        <h1>University of Edinburgh Past Paper Share</h1>
7:        <nav class="navbar">
8:            <% if @user %>
9:                <%= button_to 'Login', login_path, method: :get, class:'button' %>
10:                <%= button_to 'Sign up', new_user_path, method: :get, class:'button' %>
11:            <% else %>
12:                Welcome, <%= @user.email %>
13:            <%= button_to 'Logout', logout_path, method: :delete, class:'button' %>
14:        </nav>
15:    
16:        <embed
17:            src="https://exampapers.ed.ac.uk/bitstream/handle/20.500.12593/119088/2023600_INFR10067.pdf?sequence=1&isAllowed=y"
18:            type="application/pdf"
19:            frameBorder="0"
20:            scrolling="auto"
21:            height="100%"
22:            width="100%"
23:        ></embed>
24:    </body>
  
app/views/home/index.html.erb:27: syntax error, unexpected end-of-input, expecting `end'
Started GET "/" for ::1 at 2024-02-03 14:21:00 +0000
Processing by HomeController#index as HTML
  [1m[36mUser Load (0.1ms)[0m  [1m[34mSELECT "users".* FROM "users" WHERE "users"."id" = ? LIMIT ?[0m  [["id", 1], ["LIMIT", 1]]
  â†³ app/controllers/home_controller.rb:4:in `index'
  Rendering layout layouts/application.html.erb
  Rendering home/index.html.erb within layouts/application
  Rendered home/index.html.erb within layouts/application (Duration: 1.5ms | Allocations: 430)
  Rendered layout layouts/application.html.erb (Duration: 5.9ms | Allocations: 1720)
Completed 200 OK in 26ms (Views: 12.0ms | ActiveRecord: 3.7ms | Allocations: 8324)


Started GET "/login" for ::1 at 2024-02-03 14:21:04 +0000
Processing by SessionsController#login as HTML
  Rendering layout layouts/application.html.erb
  Rendering sessions/login.html.erb within layouts/application
  Rendered sessions/login.html.erb within layouts/application (Duration: 1.3ms | Allocations: 835)
  Rendered layout layouts/application.html.erb (Duration: 4.6ms | Allocations: 1863)
Completed 200 OK in 10ms (Views: 8.6ms | ActiveRecord: 0.0ms | Allocations: 2320)


Started POST "/login" for ::1 at 2024-02-03 14:21:17 +0000
Processing by SessionsController#create as HTML
  Parameters: {"authenticity_token"=>"[FILTERED]", "email"=>"stefi@example.com", "password"=>"[FILTERED]", "commit"=>"Login"}
  [1m[36mUser Load (0.2ms)[0m  [1m[34mSELECT "users".* FROM "users" WHERE "users"."email" = ? LIMIT ?[0m  [["email", "stefi@example.com"], ["LIMIT", 1]]
  â†³ app/controllers/sessions_controller.rb:3:in `create'
Redirected to http://localhost:3000/users/1
Completed 302 Found in 207ms (ActiveRecord: 0.2ms | Allocations: 1274)


Started GET "/users/1" for ::1 at 2024-02-03 14:21:17 +0000
Processing by UsersController#show as HTML
  Parameters: {"id"=>"1"}
  [1m[36mUser Load (0.1ms)[0m  [1m[34mSELECT "users".* FROM "users" WHERE "users"."id" = ? LIMIT ?[0m  [["id", 1], ["LIMIT", 1]]
  â†³ app/controllers/users_controller.rb:20:in `show'
  Rendering layout layouts/application.html.erb
  Rendering users/show.html.erb within layouts/application
  Rendered users/show.html.erb within layouts/application (Duration: 2.1ms | Allocations: 1916)
  Rendered layout layouts/application.html.erb (Duration: 2.8ms | Allocations: 1998)
Completed 500 Internal Server Error in 13ms (ActiveRecord: 0.1ms | Allocations: 3090)


  
ActionView::Template::Error (undefined method `each' for nil:NilClass

'.freeze;             @classes_taken.each do |class_taken| 
                                    ^^^^^):
     9: 
    10:         <p class="details-label">Classes Taken:</p>
    11:         <ul id="classes-taken">
    12:             <% @classes_taken.each do |class_taken| %>
    13:                 <li><%= class_taken %></li>
    14:             <% end %>
    15:         </ul>
  
app/views/users/show.html.erb:12
app/controllers/users_controller.rb:21:in `show'
Started GET "/" for ::1 at 2024-02-03 14:21:23 +0000
Processing by HomeController#index as HTML
  [1m[36mUser Load (0.3ms)[0m  [1m[34mSELECT "users".* FROM "users" WHERE "users"."id" = ? LIMIT ?[0m  [["id", 1], ["LIMIT", 1]]
  â†³ app/controllers/home_controller.rb:4:in `index'
  Rendering layout layouts/application.html.erb
  Rendering home/index.html.erb within layouts/application
  Rendered home/index.html.erb within layouts/application (Duration: 0.3ms | Allocations: 129)
  Rendered layout layouts/application.html.erb (Duration: 3.6ms | Allocations: 1171)
Completed 200 OK in 7ms (Views: 4.5ms | ActiveRecord: 0.3ms | Allocations: 2165)


Started GET "/" for ::1 at 2024-02-03 14:21:23 +0000
Processing by HomeController#index as HTML
  [1m[36mUser Load (0.1ms)[0m  [1m[34mSELECT "users".* FROM "users" WHERE "users"."id" = ? LIMIT ?[0m  [["id", 1], ["LIMIT", 1]]
  â†³ app/controllers/home_controller.rb:4:in `index'
  Rendering layout layouts/application.html.erb
  Rendering home/index.html.erb within layouts/application
  Rendered home/index.html.erb within layouts/application (Duration: 0.2ms | Allocations: 103)
  Rendered layout layouts/application.html.erb (Duration: 4.2ms | Allocations: 1032)
Completed 200 OK in 8ms (Views: 5.6ms | ActiveRecord: 0.1ms | Allocations: 2018)


Started GET "/login" for ::1 at 2024-02-03 14:27:21 +0000
Processing by SessionsController#login as HTML
  Rendering layout layouts/application.html.erb
  Rendering sessions/login.html.erb within layouts/application
  Rendered sessions/login.html.erb within layouts/application (Duration: 1.3ms | Allocations: 869)
  Rendered layout layouts/application.html.erb (Duration: 5.5ms | Allocations: 2117)
Completed 200 OK in 13ms (Views: 11.3ms | ActiveRecord: 0.0ms | Allocations: 2955)


Started GET "/login" for ::1 at 2024-02-03 14:27:48 +0000
Processing by SessionsController#login as HTML
  Rendering layout layouts/application.html.erb
  Rendering sessions/login.html.erb within layouts/application
  Rendered sessions/login.html.erb within layouts/application (Duration: 2.9ms | Allocations: 878)
  Rendered layout layouts/application.html.erb (Duration: 7.2ms | Allocations: 2126)
Completed 200 OK in 15ms (Views: 13.3ms | ActiveRecord: 0.0ms | Allocations: 2964)


Started POST "/login" for ::1 at 2024-02-03 14:27:56 +0000
Processing by SessionsController#create as HTML
  Parameters: {"authenticity_token"=>"[FILTERED]", "email"=>"stefi@example.com", "password"=>"[FILTERED]", "commit"=>"Login"}
  [1m[36mUser Load (1.9ms)[0m  [1m[34mSELECT "users".* FROM "users" WHERE "users"."email" = ? LIMIT ?[0m  [["email", "stefi@example.com"], ["LIMIT", 1]]
  â†³ app/controllers/sessions_controller.rb:3:in `create'
Redirected to http://localhost:3000/users/1
Completed 302 Found in 295ms (ActiveRecord: 2.8ms | Allocations: 10629)


Started GET "/users/1" for ::1 at 2024-02-03 14:27:56 +0000
Processing by UsersController#show as HTML
  Parameters: {"id"=>"1"}
  [1m[36mUser Load (0.1ms)[0m  [1m[34mSELECT "users".* FROM "users" WHERE "users"."id" = ? LIMIT ?[0m  [["id", 1], ["LIMIT", 1]]
  â†³ app/controllers/users_controller.rb:20:in `show'
  Rendering layout layouts/application.html.erb
  Rendering users/show.html.erb within layouts/application
  Rendered users/show.html.erb within layouts/application (Duration: 2.2ms | Allocations: 1892)
  Rendered layout layouts/application.html.erb (Duration: 3.0ms | Allocations: 1974)
Completed 500 Internal Server Error in 12ms (ActiveRecord: 0.1ms | Allocations: 3659)


  
ActionView::Template::Error (undefined method `each' for nil:NilClass

'.freeze;             @classes_taken.each do |class_taken| 
                                    ^^^^^):
     9: 
    10:         <p class="details-label">Classes Taken:</p>
    11:         <ul id="classes-taken">
    12:             <% @classes_taken.each do |class_taken| %>
    13:                 <li><%= class_taken %></li>
    14:             <% end %>
    15:         </ul>
  
app/views/users/show.html.erb:12
app/controllers/users_controller.rb:21:in `show'
Started GET "/login" for ::1 at 2024-02-03 14:30:42 +0000
Processing by SessionsController#login as HTML
  Rendering layout layouts/application.html.erb
  Rendering sessions/login.html.erb within layouts/application
  Rendered sessions/login.html.erb within layouts/application (Duration: 1.3ms | Allocations: 868)
  Rendered layout layouts/application.html.erb (Duration: 6.4ms | Allocations: 2116)
Completed 200 OK in 12ms (Views: 11.3ms | ActiveRecord: 0.0ms | Allocations: 2954)


Started GET "/" for ::1 at 2024-02-03 14:30:46 +0000
Processing by HomeController#index as HTML
  [1m[36mUser Load (0.1ms)[0m  [1m[34mSELECT "users".* FROM "users" WHERE "users"."id" = ? LIMIT ?[0m  [["id", 1], ["LIMIT", 1]]
  â†³ app/controllers/home_controller.rb:4:in `index'
  Rendering layout layouts/application.html.erb
  Rendering home/index.html.erb within layouts/application
  Rendered home/index.html.erb within layouts/application (Duration: 5.8ms | Allocations: 4320)
  Rendered layout layouts/application.html.erb (Duration: 6.7ms | Allocations: 4403)
Completed 500 Internal Server Error in 25ms (ActiveRecord: 3.3ms | Allocations: 10433)


  
ActionView::Template::Error (undefined method `partial' for #<ActionView::Base:0x00000000052da0>

    '.freeze; @output_buffer.append=( render partial "navbar"); @output_buffer.safe_append='
                                             ^^^^^^^):
    4: 
    5: <body>
    6:     <h1>University of Edinburgh Past Paper Share</h1>
    7:     <%= render partial "navbar"%>
    8: 
    9:     <embed
   10:         src="https://exampapers.ed.ac.uk/bitstream/handle/20.500.12593/119088/2023600_INFR10067.pdf?sequence=1&isAllowed=y"
  
app/views/home/index.html.erb:7
Started GET "/" for ::1 at 2024-02-03 14:30:46 +0000
Processing by HomeController#index as HTML
  [1m[36mUser Load (0.1ms)[0m  [1m[34mSELECT "users".* FROM "users" WHERE "users"."id" = ? LIMIT ?[0m  [["id", 1], ["LIMIT", 1]]
  â†³ app/controllers/home_controller.rb:4:in `index'
  Rendering layout layouts/application.html.erb
  Rendering home/index.html.erb within layouts/application
  Rendered home/index.html.erb within layouts/application (Duration: 10.4ms | Allocations: 4207)
  Rendered layout layouts/application.html.erb (Duration: 11.1ms | Allocations: 4288)
Completed 500 Internal Server Error in 16ms (ActiveRecord: 0.1ms | Allocations: 5317)


  
ActionView::Template::Error (undefined method `partial' for #<ActionView::Base:0x00000000053098>

    '.freeze; @output_buffer.append=( render partial "navbar"); @output_buffer.safe_append='
                                             ^^^^^^^):
    4: 
    5: <body>
    6:     <h1>University of Edinburgh Past Paper Share</h1>
    7:     <%= render partial "navbar"%>
    8: 
    9:     <embed
   10:         src="https://exampapers.ed.ac.uk/bitstream/handle/20.500.12593/119088/2023600_INFR10067.pdf?sequence=1&isAllowed=y"
  
app/views/home/index.html.erb:7
Started GET "/" for ::1 at 2024-02-03 14:31:32 +0000
Processing by HomeController#index as HTML
  [1m[36mUser Load (0.1ms)[0m  [1m[34mSELECT "users".* FROM "users" WHERE "users"."id" = ? LIMIT ?[0m  [["id", 1], ["LIMIT", 1]]
  â†³ app/controllers/home_controller.rb:4:in `index'
  Rendering layout layouts/application.html.erb
  Rendering home/index.html.erb within layouts/application
  Rendered home/index.html.erb within layouts/application (Duration: 4.2ms | Allocations: 4209)
  Rendered layout layouts/application.html.erb (Duration: 4.9ms | Allocations: 4290)
Completed 500 Internal Server Error in 9ms (ActiveRecord: 0.1ms | Allocations: 5250)


  
ActionView::Template::Error (undefined method `partial' for #<ActionView::Base:0x00000000053390>

    '.freeze; @output_buffer.append=( render partial "navbar"); @output_buffer.safe_append='
                                             ^^^^^^^):
    4: 
    5: <body>
    6:     <h1>University of Edinburgh Past Paper Share</h1>
    7:     <%= render partial "navbar"%>
    8: 
    9:     <embed
   10:         src="https://exampapers.ed.ac.uk/bitstream/handle/20.500.12593/119088/2023600_INFR10067.pdf?sequence=1&isAllowed=y"
  
app/views/home/index.html.erb:7
Started GET "/" for ::1 at 2024-02-03 14:31:53 +0000
Processing by HomeController#index as HTML
  [1m[36mUser Load (0.1ms)[0m  [1m[34mSELECT "users".* FROM "users" WHERE "users"."id" = ? LIMIT ?[0m  [["id", 1], ["LIMIT", 1]]
  â†³ app/controllers/home_controller.rb:4:in `index'
  Rendering layout layouts/application.html.erb
  Rendering home/index.html.erb within layouts/application
  Rendered home/_navbar.html.erb (Duration: 6.1ms | Allocations: 385)
  Rendered home/index.html.erb within layouts/application (Duration: 9.5ms | Allocations: 667)
  Rendered layout layouts/application.html.erb (Duration: 14.6ms | Allocations: 1956)
Completed 200 OK in 35ms (Views: 21.1ms | ActiveRecord: 3.4ms | Allocations: 8473)


Started GET "/" for ::1 at 2024-02-03 14:34:01 +0000
Processing by HomeController#index as HTML
  [1m[36mUser Load (0.1ms)[0m  [1m[34mSELECT "users".* FROM "users" WHERE "users"."id" = ? LIMIT ?[0m  [["id", 1], ["LIMIT", 1]]
  â†³ app/controllers/home_controller.rb:4:in `index'
  Rendering layout layouts/application.html.erb
  Rendering home/index.html.erb within layouts/application
  Rendered home/_navbar.html.erb (Duration: 0.8ms | Allocations: 382)
  Rendered home/index.html.erb within layouts/application (Duration: 3.0ms | Allocations: 661)
  Rendered layout layouts/application.html.erb (Duration: 7.0ms | Allocations: 1945)
Completed 200 OK in 26ms (Views: 12.8ms | ActiveRecord: 3.1ms | Allocations: 8405)


Started GET "/login" for ::1 at 2024-02-03 14:34:04 +0000
Processing by SessionsController#login as HTML
  Rendering layout layouts/application.html.erb
  Rendering sessions/login.html.erb within layouts/application
  Rendered sessions/login.html.erb within layouts/application (Duration: 19.1ms | Allocations: 2271)
  Rendered layout layouts/application.html.erb (Duration: 20.7ms | Allocations: 2354)
Completed 500 Internal Server Error in 26ms (ActiveRecord: 0.0ms | Allocations: 2781)


  
ActionView::Template::Error (Missing partial sessions/_navbar, application/_navbar with {:locale=>[:en], :formats=>[:html], :variants=>[], :handlers=>[:raw, :erb, :html, :builder, :ruby, :jbuilder]}.

Searched in:
  * "C:/Users/Stefi/Documents/extracurricular/ADAHACK-Minestrone/PastPapers/app/views"
  * "C:/Ruby31-x64/lib/ruby/gems/3.1.0/gems/turbo-rails-1.5.0/app/views"
  * "C:/Ruby31-x64/lib/ruby/gems/3.1.0/gems/actiontext-7.1.3/app/views"
  * "C:/Ruby31-x64/lib/ruby/gems/3.1.0/gems/actionmailbox-7.1.3/app/views"

Did you mean?  home/navbar
               action_text/attachables/missing_attachable
               action_text/attachables/content_attachment
               action_text/contents/content
               active_storage/blobs/blob
               layouts/action_text/contents/content):
    1: <div>
    2:     <h1>University of Edinburgh Past Paper Share</h1>
    3:     <%= render partial: "navbar"%>
    4:     <h1>Login</h1>
    5:     <%= form_tag "/login" do %>
    6:         <div>
  
app/views/sessions/login.html.erb:3
Started GET "/login" for ::1 at 2024-02-03 14:34:14 +0000
Processing by SessionsController#login as HTML
  Rendering layout layouts/application.html.erb
  Rendering sessions/login.html.erb within layouts/application
  Rendered home/_navbar.html.erb (Duration: 1.7ms | Allocations: 2213)
  Rendered sessions/login.html.erb within layouts/application (Duration: 3.8ms | Allocations: 2641)
  Rendered layout layouts/application.html.erb (Duration: 4.5ms | Allocations: 2726)
Completed 500 Internal Server Error in 11ms (ActiveRecord: 0.0ms | Allocations: 3532)


  
ActionView::Template::Error (undefined method `email' for nil:NilClass

 @output_buffer.safe_append='        Welcome, '.freeze; @output_buffer.append=( @user.email ); @output_buffer.safe_append='
                                                                                     ^^^^^^):
    3:         <%= button_to 'Login', login_path, method: :get, class:'button' %>
    4:         <%= button_to 'Sign up', new_user_path, method: :get, class:'button' %>
    5:     <% else %>
    6:         Welcome, <%= @user.email %>
    7:         <%= button_to 'Logout', logout_path, method: :delete, class:'button' %>
    8:     <% end %>
    9: </nav>
  
app/views/home/_navbar.html.erb:6
app/views/sessions/login.html.erb:3
Started GET "/login" for ::1 at 2024-02-03 14:35:44 +0000
Processing by SessionsController#login as HTML
  Rendering layout layouts/application.html.erb
  Rendering sessions/login.html.erb within layouts/application
  Rendered home/_navbar.html.erb (Duration: 1.1ms | Allocations: 379)
  Rendered sessions/login.html.erb within layouts/application (Duration: 9.4ms | Allocations: 1383)
  Rendered layout layouts/application.html.erb (Duration: 13.3ms | Allocations: 2630)
Completed 200 OK in 21ms (Views: 19.7ms | ActiveRecord: 0.0ms | Allocations: 3467)


Started GET "/login" for ::1 at 2024-02-03 14:36:27 +0000
Processing by SessionsController#login as HTML
  Rendering layout layouts/application.html.erb
  Rendering sessions/login.html.erb within layouts/application
  Rendered home/_navbar.html.erb (Duration: 0.2ms | Allocations: 105)
  Rendered sessions/login.html.erb within layouts/application (Duration: 1.1ms | Allocations: 598)
  Rendered layout layouts/application.html.erb (Duration: 23.4ms | Allocations: 2991)
Completed 200 OK in 26ms (Views: 24.6ms | ActiveRecord: 0.0ms | Allocations: 3261)


Started GET "/login" for ::1 at 2024-02-03 14:36:35 +0000
Processing by SessionsController#login as HTML
  Rendering layout layouts/application.html.erb
  Rendering sessions/login.html.erb within layouts/application
  Rendered home/_navbar.html.erb (Duration: 0.4ms | Allocations: 105)
  Rendered sessions/login.html.erb within layouts/application (Duration: 1.3ms | Allocations: 580)
  Rendered layout layouts/application.html.erb (Duration: 18.7ms | Allocations: 2896)
Completed 200 OK in 21ms (Views: 19.8ms | ActiveRecord: 0.0ms | Allocations: 3150)


Started GET "/login" for ::1 at 2024-02-03 14:36:37 +0000
Processing by SessionsController#login as HTML
  Rendering layout layouts/application.html.erb
  Rendering sessions/login.html.erb within layouts/application
  Rendered home/_navbar.html.erb (Duration: 0.2ms | Allocations: 105)
  Rendered sessions/login.html.erb within layouts/application (Duration: 1.1ms | Allocations: 610)
  Rendered layout layouts/application.html.erb (Duration: 5.3ms | Allocations: 1533)
Completed 200 OK in 8ms (Views: 6.2ms | ActiveRecord: 0.0ms | Allocations: 1787)


Started GET "/login" for ::1 at 2024-02-03 14:37:17 +0000
Processing by SessionsController#login as HTML
  Rendering layout layouts/application.html.erb
  Rendering sessions/login.html.erb within layouts/application
  Rendered home/_navbar.html.erb (Duration: 0.7ms | Allocations: 379)
  Rendered sessions/login.html.erb within layouts/application (Duration: 3.5ms | Allocations: 1387)
  Rendered layout layouts/application.html.erb (Duration: 9.8ms | Allocations: 2695)
Completed 200 OK in 21ms (Views: 19.7ms | ActiveRecord: 0.0ms | Allocations: 3532)


Started GET "/login" for ::1 at 2024-02-03 14:38:26 +0000
Processing by SessionsController#login as HTML
  Rendering layout layouts/application.html.erb
  Rendering sessions/login.html.erb within layouts/application
  Rendered home/_navbar.html.erb (Duration: 0.9ms | Allocations: 379)
  Rendered sessions/login.html.erb within layouts/application (Duration: 4.1ms | Allocations: 1342)
  Rendered layout layouts/application.html.erb (Duration: 7.8ms | Allocations: 2588)
Completed 200 OK in 14ms (Views: 12.7ms | ActiveRecord: 0.0ms | Allocations: 3425)


Started POST "/login" for ::1 at 2024-02-03 14:38:34 +0000
Processing by SessionsController#create as HTML
  Parameters: {"authenticity_token"=>"[FILTERED]", "email"=>"stefi@example.com", "password"=>"[FILTERED]", "commit"=>"Login"}
  [1m[36mUser Load (0.1ms)[0m  [1m[34mSELECT "users".* FROM "users" WHERE "users"."email" = ? LIMIT ?[0m  [["email", "stefi@example.com"], ["LIMIT", 1]]
  â†³ app/controllers/sessions_controller.rb:3:in `create'
Redirected to http://localhost:3000/users/1
Completed 302 Found in 217ms (ActiveRecord: 2.7ms | Allocations: 5297)


Started GET "/users/1" for ::1 at 2024-02-03 14:38:34 +0000
Processing by UsersController#show as HTML
  Parameters: {"id"=>"1"}
  [1m[36mUser Load (0.1ms)[0m  [1m[34mSELECT "users".* FROM "users" WHERE "users"."id" = ? LIMIT ?[0m  [["id", 1], ["LIMIT", 1]]
  â†³ app/controllers/users_controller.rb:20:in `show'
  Rendering layout layouts/application.html.erb
  Rendering users/show.html.erb within layouts/application
  Rendered users/show.html.erb within layouts/application (Duration: 1.6ms | Allocations: 1890)
  Rendered layout layouts/application.html.erb (Duration: 2.1ms | Allocations: 1972)
Completed 500 Internal Server Error in 11ms (ActiveRecord: 0.1ms | Allocations: 3658)


  
ActionView::Template::Error (undefined method `each' for nil:NilClass

'.freeze;             @classes_taken.each do |class_taken| 
                                    ^^^^^):
     9: 
    10:         <p class="details-label">Classes Taken:</p>
    11:         <ul id="classes-taken">
    12:             <% @classes_taken.each do |class_taken| %>
    13:                 <li><%= class_taken %></li>
    14:             <% end %>
    15:         </ul>
  
app/views/users/show.html.erb:12
app/controllers/users_controller.rb:21:in `show'
Started GET "/login" for ::1 at 2024-02-03 14:39:05 +0000
Processing by SessionsController#login as HTML
  Rendering layout layouts/application.html.erb
  Rendering sessions/login.html.erb within layouts/application
  Rendered home/_navbar.html.erb (Duration: 0.7ms | Allocations: 379)
  Rendered sessions/login.html.erb within layouts/application (Duration: 3.3ms | Allocations: 1374)
  Rendered layout layouts/application.html.erb (Duration: 7.5ms | Allocations: 2620)
Completed 200 OK in 16ms (Views: 13.9ms | ActiveRecord: 0.0ms | Allocations: 3457)


Started POST "/login" for ::1 at 2024-02-03 14:39:12 +0000
Processing by SessionsController#create as HTML
  Parameters: {"authenticity_token"=>"[FILTERED]", "email"=>"stefi@example.com", "password"=>"[FILTERED]", "commit"=>"Login"}
  [1m[36mUser Load (0.1ms)[0m  [1m[34mSELECT "users".* FROM "users" WHERE "users"."email" = ? LIMIT ?[0m  [["email", "stefi@example.com"], ["LIMIT", 1]]
  â†³ app/controllers/sessions_controller.rb:3:in `create'
Completed 500 Internal Server Error in 229ms (ActiveRecord: 4.6ms | Allocations: 8439)


  
NameError (undefined local variable or method `home_index_path' for #<SessionsController:0x0000000006fb30>

      redirect_to home_index_path
                  ^^^^^^^^^^^^^^^
Did you mean?  home_path):
  
app/controllers/sessions_controller.rb:9:in `create'
Started POST "/login" for ::1 at 2024-02-03 14:39:32 +0000
Processing by SessionsController#create as HTML
  Parameters: {"authenticity_token"=>"[FILTERED]", "email"=>"stefi@example.com", "password"=>"[FILTERED]", "commit"=>"Login"}
  [1m[36mUser Load (0.3ms)[0m  [1m[34mSELECT "users".* FROM "users" WHERE "users"."email" = ? LIMIT ?[0m  [["email", "stefi@example.com"], ["LIMIT", 1]]
  â†³ app/controllers/sessions_controller.rb:3:in `create'
Redirected to http://localhost:3000/home
Completed 302 Found in 220ms (ActiveRecord: 3.4ms | Allocations: 5411)


Started GET "/home" for ::1 at 2024-02-03 14:39:33 +0000
Processing by HomeController#index as HTML
  [1m[36mUser Load (0.1ms)[0m  [1m[34mSELECT "users".* FROM "users" WHERE "users"."id" = ? LIMIT ?[0m  [["id", 1], ["LIMIT", 1]]
  â†³ app/controllers/home_controller.rb:4:in `index'
  Rendering layout layouts/application.html.erb
  Rendering home/index.html.erb within layouts/application
  Rendered home/_navbar.html.erb (Duration: 0.9ms | Allocations: 465)
  Rendered home/index.html.erb within layouts/application (Duration: 3.0ms | Allocations: 747)
  Rendered layout layouts/application.html.erb (Duration: 7.3ms | Allocations: 2007)
Completed 200 OK in 17ms (Views: 12.9ms | ActiveRecord: 0.1ms | Allocations: 4612)


Started GET "/home" for ::1 at 2024-02-03 14:40:44 +0000
Processing by HomeController#index as HTML
  [1m[36mUser Load (0.1ms)[0m  [1m[34mSELECT "users".* FROM "users" WHERE "users"."id" = ? LIMIT ?[0m  [["id", 1], ["LIMIT", 1]]
  â†³ app/controllers/home_controller.rb:4:in `index'
  Rendering layout layouts/application.html.erb
  Rendering home/index.html.erb within layouts/application
  Rendered home/_navbar.html.erb (Duration: 1.9ms | Allocations: 462)
  Rendered home/index.html.erb within layouts/application (Duration: 5.7ms | Allocations: 741)
  Rendered layout layouts/application.html.erb (Duration: 9.3ms | Allocations: 1997)
Completed 200 OK in 29ms (Views: 14.5ms | ActiveRecord: 4.7ms | Allocations: 8455)


Started GET "/home" for ::1 at 2024-02-03 14:40:56 +0000
Processing by HomeController#index as HTML
  [1m[36mUser Load (0.1ms)[0m  [1m[34mSELECT "users".* FROM "users" WHERE "users"."id" = ? LIMIT ?[0m  [["id", 1], ["LIMIT", 1]]
  â†³ app/controllers/home_controller.rb:4:in `index'
  Rendering layout layouts/application.html.erb
  Rendering home/index.html.erb within layouts/application
  Rendered home/_navbar.html.erb (Duration: 1.6ms | Allocations: 462)
  Rendered home/index.html.erb within layouts/application (Duration: 4.2ms | Allocations: 745)
  Rendered layout layouts/application.html.erb (Duration: 7.7ms | Allocations: 2006)
Completed 200 OK in 25ms (Views: 12.9ms | ActiveRecord: 2.7ms | Allocations: 8590)


Started GET "/home" for ::1 at 2024-02-03 14:42:27 +0000
Processing by HomeController#index as HTML
  [1m[36mUser Load (0.1ms)[0m  [1m[34mSELECT "users".* FROM "users" WHERE "users"."id" = ? LIMIT ?[0m  [["id", 1], ["LIMIT", 1]]
  â†³ app/controllers/home_controller.rb:4:in `index'
  Rendering layout layouts/application.html.erb
  Rendering home/index.html.erb within layouts/application
  Rendered home/_navbar.html.erb (Duration: 1.1ms | Allocations: 482)
  Rendered home/index.html.erb within layouts/application (Duration: 4.0ms | Allocations: 763)
  Rendered layout layouts/application.html.erb (Duration: 28.5ms | Allocations: 3480)
Completed 200 OK in 48ms (Views: 34.1ms | ActiveRecord: 2.7ms | Allocations: 9971)


Started GET "/home" for ::1 at 2024-02-03 14:42:53 +0000
Processing by HomeController#index as HTML
  [1m[36mUser Load (0.1ms)[0m  [1m[34mSELECT "users".* FROM "users" WHERE "users"."id" = ? LIMIT ?[0m  [["id", 1], ["LIMIT", 1]]
  â†³ app/controllers/home_controller.rb:4:in `index'
  Rendering layout layouts/application.html.erb
  Rendering home/index.html.erb within layouts/application
  Rendered home/_navbar.html.erb (Duration: 0.3ms | Allocations: 145)
  Rendered home/index.html.erb within layouts/application (Duration: 0.7ms | Allocations: 207)
  Rendered layout layouts/application.html.erb (Duration: 18.3ms | Allocations: 2527)
Completed 200 OK in 22ms (Views: 19.1ms | ActiveRecord: 0.1ms | Allocations: 3658)


Started GET "/home" for ::1 at 2024-02-03 14:42:59 +0000
Processing by HomeController#index as HTML
  [1m[36mUser Load (0.1ms)[0m  [1m[34mSELECT "users".* FROM "users" WHERE "users"."id" = ? LIMIT ?[0m  [["id", 1], ["LIMIT", 1]]
  â†³ app/controllers/home_controller.rb:4:in `index'
  Rendering layout layouts/application.html.erb
  Rendering home/index.html.erb within layouts/application
  Rendered home/_navbar.html.erb (Duration: 0.4ms | Allocations: 145)
  Rendered home/index.html.erb within layouts/application (Duration: 0.7ms | Allocations: 207)
  Rendered layout layouts/application.html.erb (Duration: 23.8ms | Allocations: 2523)
Completed 200 OK in 28ms (Views: 24.9ms | ActiveRecord: 0.1ms | Allocations: 3494)


Started GET "/home" for ::1 at 2024-02-03 14:43:12 +0000
Processing by HomeController#index as HTML
  [1m[36mUser Load (0.1ms)[0m  [1m[34mSELECT "users".* FROM "users" WHERE "users"."id" = ? LIMIT ?[0m  [["id", 1], ["LIMIT", 1]]
  â†³ app/controllers/home_controller.rb:4:in `index'
  Rendering layout layouts/application.html.erb
  Rendering home/index.html.erb within layouts/application
  Rendered home/_navbar.html.erb (Duration: 0.3ms | Allocations: 145)
  Rendered home/index.html.erb within layouts/application (Duration: 0.7ms | Allocations: 207)
  Rendered layout layouts/application.html.erb (Duration: 22.4ms | Allocations: 2522)
Completed 200 OK in 27ms (Views: 23.7ms | ActiveRecord: 0.1ms | Allocations: 3511)


Started GET "/home" for ::1 at 2024-02-03 14:43:18 +0000
Processing by HomeController#index as HTML
  [1m[36mUser Load (0.1ms)[0m  [1m[34mSELECT "users".* FROM "users" WHERE "users"."id" = ? LIMIT ?[0m  [["id", 1], ["LIMIT", 1]]
  â†³ app/controllers/home_controller.rb:4:in `index'
  Rendering layout layouts/application.html.erb
  Rendering home/index.html.erb within layouts/application
  Rendered home/_navbar.html.erb (Duration: 0.3ms | Allocations: 145)
  Rendered home/index.html.erb within layouts/application (Duration: 0.7ms | Allocations: 207)
  Rendered layout layouts/application.html.erb (Duration: 23.9ms | Allocations: 2513)
Completed 200 OK in 28ms (Views: 24.8ms | ActiveRecord: 0.1ms | Allocations: 3505)


Started GET "/home" for ::1 at 2024-02-03 14:43:38 +0000
Processing by HomeController#index as HTML
  [1m[36mUser Load (0.1ms)[0m  [1m[34mSELECT "users".* FROM "users" WHERE "users"."id" = ? LIMIT ?[0m  [["id", 1], ["LIMIT", 1]]
  â†³ app/controllers/home_controller.rb:4:in `index'
  Rendering layout layouts/application.html.erb
  Rendering home/index.html.erb within layouts/application
  Rendered home/_navbar.html.erb (Duration: 0.3ms | Allocations: 145)
  Rendered home/index.html.erb within layouts/application (Duration: 0.7ms | Allocations: 207)
  Rendered layout layouts/application.html.erb (Duration: 22.5ms | Allocations: 2529)
Completed 200 OK in 26ms (Views: 23.6ms | ActiveRecord: 0.1ms | Allocations: 3518)


Started GET "/home" for ::1 at 2024-02-03 14:43:40 +0000
Processing by HomeController#index as HTML
  [1m[36mUser Load (0.1ms)[0m  [1m[34mSELECT "users".* FROM "users" WHERE "users"."id" = ? LIMIT ?[0m  [["id", 1], ["LIMIT", 1]]
  â†³ app/controllers/home_controller.rb:4:in `index'
  Rendering layout layouts/application.html.erb
  Rendering home/index.html.erb within layouts/application
  Rendered home/_navbar.html.erb (Duration: 0.4ms | Allocations: 145)
  Rendered home/index.html.erb within layouts/application (Duration: 0.8ms | Allocations: 207)
  Rendered layout layouts/application.html.erb (Duration: 3.8ms | Allocations: 1134)
Completed 200 OK in 8ms (Views: 4.5ms | ActiveRecord: 0.1ms | Allocations: 2108)


Started GET "/home" for ::1 at 2024-02-03 14:43:54 +0000
Processing by HomeController#index as HTML
  [1m[36mUser Load (0.1ms)[0m  [1m[34mSELECT "users".* FROM "users" WHERE "users"."id" = ? LIMIT ?[0m  [["id", 1], ["LIMIT", 1]]
  â†³ app/controllers/home_controller.rb:4:in `index'
  Rendering layout layouts/application.html.erb
  Rendering home/index.html.erb within layouts/application
  Rendered home/_navbar.html.erb (Duration: 0.3ms | Allocations: 145)
  Rendered home/index.html.erb within layouts/application (Duration: 0.6ms | Allocations: 207)
  Rendered layout layouts/application.html.erb (Duration: 25.0ms | Allocations: 2514)
Completed 200 OK in 29ms (Views: 26.0ms | ActiveRecord: 0.1ms | Allocations: 3488)


Started GET "/home" for ::1 at 2024-02-03 14:44:02 +0000
Processing by HomeController#index as HTML
  [1m[36mUser Load (0.1ms)[0m  [1m[34mSELECT "users".* FROM "users" WHERE "users"."id" = ? LIMIT ?[0m  [["id", 1], ["LIMIT", 1]]
  â†³ app/controllers/home_controller.rb:4:in `index'
  Rendering layout layouts/application.html.erb
  Rendering home/index.html.erb within layouts/application
  Rendered home/_navbar.html.erb (Duration: 0.5ms | Allocations: 145)
  Rendered home/index.html.erb within layouts/application (Duration: 1.1ms | Allocations: 207)
  Rendered layout layouts/application.html.erb (Duration: 18.5ms | Allocations: 2519)
Completed 200 OK in 22ms (Views: 19.6ms | ActiveRecord: 0.1ms | Allocations: 3487)


Started GET "/home" for ::1 at 2024-02-03 14:44:09 +0000
Processing by HomeController#index as HTML
  [1m[36mUser Load (0.1ms)[0m  [1m[34mSELECT "users".* FROM "users" WHERE "users"."id" = ? LIMIT ?[0m  [["id", 1], ["LIMIT", 1]]
  â†³ app/controllers/home_controller.rb:4:in `index'
  Rendering layout layouts/application.html.erb
  Rendering home/index.html.erb within layouts/application
  Rendered home/_navbar.html.erb (Duration: 0.4ms | Allocations: 145)
  Rendered home/index.html.erb within layouts/application (Duration: 0.8ms | Allocations: 207)
  Rendered layout layouts/application.html.erb (Duration: 27.5ms | Allocations: 2523)
Completed 200 OK in 32ms (Views: 28.6ms | ActiveRecord: 0.1ms | Allocations: 3509)


Started GET "/home" for ::1 at 2024-02-03 14:44:37 +0000
Processing by HomeController#index as HTML
  [1m[36mUser Load (0.1ms)[0m  [1m[34mSELECT "users".* FROM "users" WHERE "users"."id" = ? LIMIT ?[0m  [["id", 1], ["LIMIT", 1]]
  â†³ app/controllers/home_controller.rb:4:in `index'
  Rendering layout layouts/application.html.erb
  Rendering home/index.html.erb within layouts/application
  Rendered home/_navbar.html.erb (Duration: 0.3ms | Allocations: 145)
  Rendered home/index.html.erb within layouts/application (Duration: 0.7ms | Allocations: 207)
  Rendered layout layouts/application.html.erb (Duration: 18.1ms | Allocations: 2526)
Completed 200 OK in 22ms (Views: 19.4ms | ActiveRecord: 0.1ms | Allocations: 3518)


Started GET "/home" for ::1 at 2024-02-03 14:44:42 +0000
Processing by HomeController#index as HTML
  [1m[36mUser Load (0.1ms)[0m  [1m[34mSELECT "users".* FROM "users" WHERE "users"."id" = ? LIMIT ?[0m  [["id", 1], ["LIMIT", 1]]
  â†³ app/controllers/home_controller.rb:4:in `index'
  Rendering layout layouts/application.html.erb
  Rendering home/index.html.erb within layouts/application
  Rendered home/_navbar.html.erb (Duration: 0.3ms | Allocations: 145)
  Rendered home/index.html.erb within layouts/application (Duration: 0.7ms | Allocations: 207)
  Rendered layout layouts/application.html.erb (Duration: 5.6ms | Allocations: 1175)
Completed 200 OK in 9ms (Views: 6.5ms | ActiveRecord: 0.1ms | Allocations: 2176)


Started GET "/home" for ::1 at 2024-02-03 14:45:47 +0000
Processing by HomeController#index as HTML
  [1m[36mUser Load (0.1ms)[0m  [1m[34mSELECT "users".* FROM "users" WHERE "users"."id" = ? LIMIT ?[0m  [["id", 1], ["LIMIT", 1]]
  â†³ app/controllers/home_controller.rb:4:in `index'
  Rendering layout layouts/application.html.erb
  Rendering home/index.html.erb within layouts/application
  Rendered home/_navbar.html.erb (Duration: 1.0ms | Allocations: 481)
  Rendered home/index.html.erb within layouts/application (Duration: 3.9ms | Allocations: 764)
  Rendered layout layouts/application.html.erb (Duration: 8.1ms | Allocations: 2025)
Completed 200 OK in 32ms (Views: 13.4ms | ActiveRecord: 2.9ms | Allocations: 8545)


Started GET "/home" for ::1 at 2024-02-03 14:46:23 +0000
Processing by HomeController#index as HTML
  [1m[36mUser Load (0.1ms)[0m  [1m[34mSELECT "users".* FROM "users" WHERE "users"."id" = ? LIMIT ?[0m  [["id", 1], ["LIMIT", 1]]
  â†³ app/controllers/home_controller.rb:4:in `index'
  Rendering layout layouts/application.html.erb
  Rendering home/index.html.erb within layouts/application
  Rendered home/_navbar.html.erb (Duration: 1.3ms | Allocations: 479)
  Rendered home/index.html.erb within layouts/application (Duration: 3.8ms | Allocations: 761)
  Rendered layout layouts/application.html.erb (Duration: 7.5ms | Allocations: 2022)
Completed 200 OK in 37ms (Views: 13.3ms | ActiveRecord: 8.1ms | Allocations: 8492)


Started DELETE "/logout" for ::1 at 2024-02-03 14:46:28 +0000
  
ActionController::RoutingError (No route matches [DELETE] "/logout"):
  
Started GET "/" for ::1 at 2024-02-03 14:47:23 +0000
Processing by HomeController#index as HTML
  [1m[36mUser Load (0.1ms)[0m  [1m[34mSELECT "users".* FROM "users" WHERE "users"."id" = ? LIMIT ?[0m  [["id", 1], ["LIMIT", 1]]
  â†³ app/controllers/home_controller.rb:4:in `index'
  Rendering layout layouts/application.html.erb
  Rendering home/index.html.erb within layouts/application
  Rendered home/_navbar.html.erb (Duration: 1.3ms | Allocations: 479)
  Rendered home/index.html.erb within layouts/application (Duration: 3.2ms | Allocations: 762)
  Rendered layout layouts/application.html.erb (Duration: 7.2ms | Allocations: 2023)
Completed 200 OK in 26ms (Views: 13.0ms | ActiveRecord: 2.8ms | Allocations: 8567)


Started DELETE "/logout" for ::1 at 2024-02-03 14:47:26 +0000
  
ActionController::RoutingError (No route matches [DELETE] "/logout"):
  
Started DELETE "/logout" for ::1 at 2024-02-03 14:49:47 +0000
  
ActionController::RoutingError (No route matches [DELETE] "/logout"):
  
Started GET "/" for ::1 at 2024-02-03 14:50:07 +0000
Processing by HomeController#index as HTML
  [1m[36mUser Load (0.1ms)[0m  [1m[34mSELECT "users".* FROM "users" WHERE "users"."id" = ? LIMIT ?[0m  [["id", 1], ["LIMIT", 1]]
  â†³ app/controllers/home_controller.rb:4:in `index'
  Rendering layout layouts/application.html.erb
  Rendering home/index.html.erb within layouts/application
  Rendered home/_navbar.html.erb (Duration: 0.9ms | Allocations: 359)
  Rendered home/index.html.erb within layouts/application (Duration: 3.5ms | Allocations: 638)
  Rendered layout layouts/application.html.erb (Duration: 13.2ms | Allocations: 1927)
Completed 200 OK in 32ms (Views: 18.7ms | ActiveRecord: 2.9ms | Allocations: 8439)


Started GET "/logout" for ::1 at 2024-02-03 14:50:09 +0000
Processing by SessionsController#destroy as HTML
Redirected to http://localhost:3000/home
Completed 302 Found in 3ms (ActiveRecord: 0.0ms | Allocations: 517)


Started GET "/home" for ::1 at 2024-02-03 14:50:09 +0000
Processing by HomeController#index as HTML
  Rendering layout layouts/application.html.erb
  Rendering home/index.html.erb within layouts/application
  Rendered home/_navbar.html.erb (Duration: 0.2ms | Allocations: 131)
  Rendered home/index.html.erb within layouts/application (Duration: 0.6ms | Allocations: 200)
  Rendered layout layouts/application.html.erb (Duration: 4.1ms | Allocations: 1245)
Completed 200 OK in 6ms (Views: 4.9ms | ActiveRecord: 0.0ms | Allocations: 1757)


Started GET "/login" for ::1 at 2024-02-03 14:50:11 +0000
Processing by SessionsController#login as HTML
  Rendering layout layouts/application.html.erb
  Rendering sessions/login.html.erb within layouts/application
  Rendered home/_navbar.html.erb (Duration: 0.4ms | Allocations: 107)
  Rendered sessions/login.html.erb within layouts/application (Duration: 2.1ms | Allocations: 907)
  Rendered layout layouts/application.html.erb (Duration: 5.7ms | Allocations: 1833)
Completed 200 OK in 11ms (Views: 9.7ms | ActiveRecord: 0.0ms | Allocations: 2197)


Started POST "/login" for ::1 at 2024-02-03 14:50:20 +0000
Processing by SessionsController#create as HTML
  Parameters: {"authenticity_token"=>"[FILTERED]", "email"=>"stefi", "password"=>"[FILTERED]", "commit"=>"Login"}
  [1m[36mUser Load (0.1ms)[0m  [1m[34mSELECT "users".* FROM "users" WHERE "users"."email" = ? LIMIT ?[0m  [["email", "stefi"], ["LIMIT", 1]]
  â†³ app/controllers/sessions_controller.rb:3:in `create'
Redirected to http://localhost:3000/login
Completed 302 Found in 4ms (ActiveRecord: 0.1ms | Allocations: 1195)


Started GET "/login" for ::1 at 2024-02-03 14:50:20 +0000
Processing by SessionsController#login as HTML
  Rendering layout layouts/application.html.erb
  Rendering sessions/login.html.erb within layouts/application
  Rendered home/_navbar.html.erb (Duration: 0.2ms | Allocations: 105)
  Rendered sessions/login.html.erb within layouts/application (Duration: 1.3ms | Allocations: 574)
  Rendered layout layouts/application.html.erb (Duration: 4.7ms | Allocations: 1498)
Completed 200 OK in 7ms (Views: 5.5ms | ActiveRecord: 0.0ms | Allocations: 1752)


Started POST "/login" for ::1 at 2024-02-03 14:50:22 +0000
Processing by SessionsController#create as HTML
  Parameters: {"authenticity_token"=>"[FILTERED]", "email"=>"", "password"=>"[FILTERED]", "commit"=>"Login"}
  [1m[36mUser Load (0.1ms)[0m  [1m[34mSELECT "users".* FROM "users" WHERE "users"."email" = ? LIMIT ?[0m  [["email", ""], ["LIMIT", 1]]
  â†³ app/controllers/sessions_controller.rb:3:in `create'
Redirected to http://localhost:3000/login
Completed 302 Found in 4ms (ActiveRecord: 0.1ms | Allocations: 899)


Started GET "/login" for ::1 at 2024-02-03 14:50:22 +0000
Processing by SessionsController#login as HTML
  Rendering layout layouts/application.html.erb
  Rendering sessions/login.html.erb within layouts/application
  Rendered home/_navbar.html.erb (Duration: 0.2ms | Allocations: 105)
  Rendered sessions/login.html.erb within layouts/application (Duration: 1.2ms | Allocations: 595)
  Rendered layout layouts/application.html.erb (Duration: 4.5ms | Allocations: 1519)
Completed 200 OK in 7ms (Views: 5.6ms | ActiveRecord: 0.0ms | Allocations: 1773)


Started POST "/login" for ::1 at 2024-02-03 14:50:32 +0000
Processing by SessionsController#create as HTML
  Parameters: {"authenticity_token"=>"[FILTERED]", "email"=>"stefi@example.com", "password"=>"[FILTERED]", "commit"=>"Login"}
  [1m[36mUser Load (0.1ms)[0m  [1m[34mSELECT "users".* FROM "users" WHERE "users"."email" = ? LIMIT ?[0m  [["email", "stefi@example.com"], ["LIMIT", 1]]
  â†³ app/controllers/sessions_controller.rb:3:in `create'
Redirected to http://localhost:3000/login
Completed 302 Found in 206ms (ActiveRecord: 0.1ms | Allocations: 930)


Started GET "/login" for ::1 at 2024-02-03 14:50:32 +0000
Processing by SessionsController#login as HTML
  Rendering layout layouts/application.html.erb
  Rendering sessions/login.html.erb within layouts/application
  Rendered home/_navbar.html.erb (Duration: 0.2ms | Allocations: 105)
  Rendered sessions/login.html.erb within layouts/application (Duration: 1.3ms | Allocations: 589)
  Rendered layout layouts/application.html.erb (Duration: 4.4ms | Allocations: 1513)
Completed 200 OK in 6ms (Views: 5.2ms | ActiveRecord: 0.0ms | Allocations: 1767)


Started GET "/users/new" for ::1 at 2024-02-03 14:50:41 +0000
Processing by UsersController#new as HTML
  Rendering layout layouts/application.html.erb
  Rendering users/new.html.erb within layouts/application
  Rendered users/new.html.erb within layouts/application (Duration: 18.1ms | Allocations: 2209)
  Rendered layout layouts/application.html.erb (Duration: 19.0ms | Allocations: 2292)
Completed 500 Internal Server Error in 26ms (ActiveRecord: 0.0ms | Allocations: 2841)


  
ActionView::Template::Error (Missing partial users/_navbar, application/_navbar with {:locale=>[:en], :formats=>[:html], :variants=>[], :handlers=>[:raw, :erb, :html, :builder, :ruby, :jbuilder]}.

Searched in:
  * "C:/Users/Stefi/Documents/extracurricular/ADAHACK-Minestrone/PastPapers/app/views"
  * "C:/Ruby31-x64/lib/ruby/gems/3.1.0/gems/turbo-rails-1.5.0/app/views"
  * "C:/Ruby31-x64/lib/ruby/gems/3.1.0/gems/actiontext-7.1.3/app/views"
  * "C:/Ruby31-x64/lib/ruby/gems/3.1.0/gems/actionmailbox-7.1.3/app/views"

Did you mean?  home/navbar
               action_text/attachables/content_attachment
               action_text/attachables/missing_attachable
               action_text/contents/content
               active_storage/blobs/blob
               layouts/action_text/contents/content):
    4: 
    5: <body>
    6:     <h1 class="title">University of Edinburgh Past Paper Share</h1>
    7:     <%= render partial: "navbar"%>
    8: 
    9:     <h1>Sign Up</h1>
   10:     <%= form_for @user do |f| %>
  
app/views/users/new.html.erb:7
Started GET "/login" for ::1 at 2024-02-03 14:51:01 +0000
Started GET "/users/new" for ::1 at 2024-02-03 14:51:02 +0000
Processing by SessionsController#login as HTML
  Rendering layout layouts/application.html.erb
  Rendering sessions/login.html.erb within layouts/application
  Rendered home/_navbar.html.erb (Duration: 0.8ms | Allocations: 392)
  Rendered sessions/login.html.erb within layouts/application (Duration: 3.8ms | Allocations: 1393)
  Rendered layout layouts/application.html.erb (Duration: 7.8ms | Allocations: 2639)
Completed 200 OK in 14ms (Views: 13.3ms | ActiveRecord: 0.0ms | Allocations: 3476)


Processing by UsersController#new as HTML
  Rendering layout layouts/application.html.erb
  Rendering users/new.html.erb within layouts/application
  Rendered home/_navbar.html.erb (Duration: 0.8ms | Allocations: 352)
  Rendered users/new.html.erb within layouts/application (Duration: 3.7ms | Allocations: 1706)
  Rendered layout layouts/application.html.erb (Duration: 7.9ms | Allocations: 2961)
Completed 200 OK in 25ms (Views: 13.1ms | ActiveRecord: 3.8ms | Allocations: 7946)


Started GET "/users/new" for ::1 at 2024-02-03 14:52:12 +0000
Processing by UsersController#new as HTML
  Rendering layout layouts/application.html.erb
  Rendering users/new.html.erb within layouts/application
  Rendered home/_navbar.html.erb (Duration: 0.7ms | Allocations: 352)
  Rendered users/new.html.erb within layouts/application (Duration: 4.1ms | Allocations: 1710)
  Rendered layout layouts/application.html.erb (Duration: 7.9ms | Allocations: 2970)
Completed 200 OK in 26ms (Views: 13.4ms | ActiveRecord: 3.1ms | Allocations: 7916)


Started GET "/users/new" for ::1 at 2024-02-03 14:52:21 +0000
Processing by UsersController#new as HTML
  Rendering layout layouts/application.html.erb
  Rendering users/new.html.erb within layouts/application
  Rendered home/_navbar.html.erb (Duration: 0.2ms | Allocations: 64)
  Rendered users/new.html.erb within layouts/application (Duration: 1.6ms | Allocations: 819)
  Rendered layout layouts/application.html.erb (Duration: 10.8ms | Allocations: 1747)
Completed 200 OK in 13ms (Views: 11.6ms | ActiveRecord: 0.0ms | Allocations: 2040)


Started GET "/login" for ::1 at 2024-02-03 14:52:23 +0000
Processing by SessionsController#login as HTML
  Rendering layout layouts/application.html.erb
  Rendering sessions/login.html.erb within layouts/application
  Rendered home/_navbar.html.erb (Duration: 0.2ms | Allocations: 148)
  Rendered sessions/login.html.erb within layouts/application (Duration: 2.4ms | Allocations: 1054)
  Rendered layout layouts/application.html.erb (Duration: 6.9ms | Allocations: 2083)
Completed 200 OK in 12ms (Views: 11.3ms | ActiveRecord: 0.0ms | Allocations: 2538)


Started GET "/users/new" for ::1 at 2024-02-03 14:52:30 +0000
Processing by UsersController#new as HTML
  Rendering layout layouts/application.html.erb
  Rendering users/new.html.erb within layouts/application
  Rendered home/_navbar.html.erb (Duration: 0.2ms | Allocations: 64)
  Rendered users/new.html.erb within layouts/application (Duration: 1.8ms | Allocations: 882)
  Rendered layout layouts/application.html.erb (Duration: 4.9ms | Allocations: 1810)
Completed 200 OK in 7ms (Views: 6.0ms | ActiveRecord: 0.0ms | Allocations: 2087)


Started GET "/logout" for ::1 at 2024-02-03 14:52:32 +0000
Processing by SessionsController#destroy as HTML
Redirected to http://localhost:3000/home
Completed 302 Found in 2ms (ActiveRecord: 0.0ms | Allocations: 376)


Started GET "/home" for ::1 at 2024-02-03 14:52:32 +0000
Processing by HomeController#index as HTML
  Rendering layout layouts/application.html.erb
  Rendering home/index.html.erb within layouts/application
  Rendered home/_navbar.html.erb (Duration: 0.3ms | Allocations: 141)
  Rendered home/index.html.erb within layouts/application (Duration: 1.5ms | Allocations: 350)
  Rendered layout layouts/application.html.erb (Duration: 4.9ms | Allocations: 1410)
Completed 200 OK in 11ms (Views: 8.6ms | ActiveRecord: 0.0ms | Allocations: 2245)


Started GET "/users/new" for ::1 at 2024-02-03 14:52:35 +0000
Processing by UsersController#new as HTML
  Rendering layout layouts/application.html.erb
  Rendering users/new.html.erb within layouts/application
  Rendered home/_navbar.html.erb (Duration: 0.2ms | Allocations: 64)
  Rendered users/new.html.erb within layouts/application (Duration: 1.6ms | Allocations: 891)
  Rendered layout layouts/application.html.erb (Duration: 4.7ms | Allocations: 1819)
Completed 200 OK in 7ms (Views: 5.7ms | ActiveRecord: 0.0ms | Allocations: 2096)


Started POST "/users" for ::1 at 2024-02-03 14:52:41 +0000
Processing by UsersController#create as HTML
  Parameters: {"authenticity_token"=>"[FILTERED]", "user"=>{"email"=>"stefi@example.com", "password"=>"[FILTERED]"}, "commit"=>"Create account"}
  [1m[36mTRANSACTION (0.1ms)[0m  [1m[36mbegin transaction[0m
  â†³ app/controllers/users_controller.rb:10:in `create'
  [1m[36mUser Exists? (2.1ms)[0m  [1m[34mSELECT 1 AS one FROM "users" WHERE "users"."email" = ? LIMIT ?[0m  [["email", "stefi@example.com"], ["LIMIT", 1]]
  â†³ app/controllers/users_controller.rb:10:in `create'
  [1m[36mTRANSACTION (0.0ms)[0m  [1m[31mrollback transaction[0m
  â†³ app/controllers/users_controller.rb:10:in `create'
Completed 500 Internal Server Error in 231ms (ActiveRecord: 2.1ms | Allocations: 5097)


  
ActionView::MissingTemplate (Missing template /home with {:locale=>[:en], :formats=>[:html], :variants=>[], :handlers=>[:raw, :erb, :html, :builder, :ruby, :jbuilder]}.

Searched in:
  * "C:/Users/Stefi/Documents/extracurricular/ADAHACK-Minestrone/PastPapers/app/views"
  * "C:/Ruby31-x64/lib/ruby/gems/3.1.0/gems/turbo-rails-1.5.0/app/views"
  * "C:/Ruby31-x64/lib/ruby/gems/3.1.0/gems/actiontext-7.1.3/app/views"
  * "C:/Ruby31-x64/lib/ruby/gems/3.1.0/gems/actionmailbox-7.1.3/app/views"

Did you mean?  courses/show
               pastpapers/show
               rails/conductor/action_mailbox/inbound_emails/show
               users/show
               layouts/turbo_rails/frame
               layouts/mailer):
  
app/controllers/users_controller.rb:15:in `create'
Started GET "/home" for ::1 at 2024-02-03 14:56:26 +0000
Processing by HomeController#index as HTML
  Rendering layout layouts/application.html.erb
  Rendering home/index.html.erb within layouts/application
  Rendered home/_navbar.html.erb (Duration: 0.3ms | Allocations: 105)
  Rendered home/index.html.erb within layouts/application (Duration: 0.8ms | Allocations: 167)
  Rendered layout layouts/application.html.erb (Duration: 5.3ms | Allocations: 1101)
Completed 200 OK in 8ms (Views: 6.2ms | ActiveRecord: 0.0ms | Allocations: 1578)


Started GET "/home" for ::1 at 2024-02-03 15:02:46 +0000
Processing by HomeController#index as HTML
  Rendering layout layouts/application.html.erb
  Rendering home/index.html.erb within layouts/application
  Rendered home/_navbar.html.erb (Duration: 15.1ms | Allocations: 5205)
  Rendered home/index.html.erb within layouts/application (Duration: 19.4ms | Allocations: 5486)
  Rendered layout layouts/application.html.erb (Duration: 20.7ms | Allocations: 5571)
Completed 500 Internal Server Error in 42ms (ActiveRecord: 0.0ms | Allocations: 6876)


  
ActionView::Template::Error (undefined local variable or method `search_courses_path' for #<ActionView::Base:0x000000000a6590>

    '.freeze; @output_buffer.append=  form_tag(search_courses_path, method: :get) do ; @output_buffer.safe_append='
                                               ^^^^^^^^^^^^^^^^^^^
Did you mean?  search_path):
    1: <nav class="navbar">
    2: 
    3:     <%= form_tag(search_courses_path, method: :get) do %>
    4:         <%= text_field_tag :query, params[:query], placeholder: 'Search course...' %>
    5:         <%= submit_tag 'Search' %>
    6:     <% end %>
  
app/views/home/_navbar.html.erb:3
app/views/home/index.html.erb:7
Started GET "/home" for ::1 at 2024-02-03 15:03:04 +0000
Processing by HomeController#index as HTML
  Rendering layout layouts/application.html.erb
  Rendering home/index.html.erb within layouts/application
  Rendered home/_navbar.html.erb (Duration: 8.2ms | Allocations: 5136)
  Rendered home/index.html.erb within layouts/application (Duration: 11.1ms | Allocations: 5417)
  Rendered layout layouts/application.html.erb (Duration: 11.9ms | Allocations: 5502)
Completed 500 Internal Server Error in 20ms (ActiveRecord: 0.0ms | Allocations: 6807)


  
ActionView::Template::Error (undefined local variable or method `courses_path' for #<ActionView::Base:0x000000000aaa78>

    '.freeze; @output_buffer.append=  form_tag(courses_path, method: :get) do ; @output_buffer.safe_append='
                                               ^^^^^^^^^^^^
Did you mean?  users_path):
    1: <nav class="navbar">
    2: 
    3:     <%= form_tag(courses_path, method: :get) do %>
    4:         <%= text_field_tag :query, params[:query], placeholder: 'Search course...' %>
    5:         <%= submit_tag 'Search' %>
    6:     <% end %>
  
app/views/home/_navbar.html.erb:3
app/views/home/index.html.erb:7
Started GET "/rails/info/routes" for ::1 at 2024-02-03 15:04:19 +0000
Processing by Rails::InfoController#routes as HTML
  Rendering layout C:/Ruby31-x64/lib/ruby/gems/3.1.0/gems/railties-7.1.3/lib/rails/templates/layouts/application.html.erb
  Rendering C:/Ruby31-x64/lib/ruby/gems/3.1.0/gems/railties-7.1.3/lib/rails/templates/rails/info/routes.html.erb within layouts/application
  Rendered collection of C:/Ruby31-x64/lib/ruby/gems/3.1.0/gems/actionpack-7.1.3/lib/action_dispatch/middleware/templates/routes/_route.html.erb [41 times] (Duration: 8.0ms | Allocations: 7481)
  Rendered C:/Ruby31-x64/lib/ruby/gems/3.1.0/gems/actionpack-7.1.3/lib/action_dispatch/middleware/templates/routes/_table.html.erb (Duration: 1.7ms | Allocations: 697)
  Rendered C:/Ruby31-x64/lib/ruby/gems/3.1.0/gems/railties-7.1.3/lib/rails/templates/rails/info/routes.html.erb within layouts/application (Duration: 18.5ms | Allocations: 13110)
  Rendered layout C:/Ruby31-x64/lib/ruby/gems/3.1.0/gems/railties-7.1.3/lib/rails/templates/layouts/application.html.erb (Duration: 20.9ms | Allocations: 13375)
Completed 200 OK in 68ms (Views: 51.9ms | ActiveRecord: 0.0ms | Allocations: 14221)


Started GET "/" for ::1 at 2024-02-03 15:05:22 +0000
Processing by HomeController#index as HTML
  Rendering layout layouts/application.html.erb
  Rendering home/index.html.erb within layouts/application
  Rendered home/_navbar.html.erb (Duration: 1.0ms | Allocations: 595)
  Rendered home/index.html.erb within layouts/application (Duration: 2.8ms | Allocations: 878)
  Rendered layout layouts/application.html.erb (Duration: 7.7ms | Allocations: 2151)
Completed 200 OK in 16ms (Views: 13.0ms | ActiveRecord: 0.0ms | Allocations: 3486)


Started GET "/courses?query=comp&commit=Search" for ::1 at 2024-02-03 15:05:34 +0000
Processing by CoursesController#index as HTML
  Parameters: {"query"=>"comp", "commit"=>"Search"}
Completed 500 Internal Server Error in 4ms (ActiveRecord: 0.0ms | Allocations: 2629)


  
NameError (uninitialized constant CoursesController::Course

    @courses = Course.all
               ^^^^^^):
  
app/controllers/courses_controller.rb:3:in `index'
Started GET "/courses?query=comp&commit=Search" for ::1 at 2024-02-03 15:07:51 +0000
Processing by CoursesController#index as HTML
  Parameters: {"query"=>"comp", "commit"=>"Search"}
Completed 406 Not Acceptable in 17ms (ActiveRecord: 0.0ms | Allocations: 1632)


  
ActionController::MissingExactTemplate (CoursesController#index is missing a template for request formats: text/html):
  
actionpack (7.1.3) lib/action_controller/metal/implicit_render.rb:47:in `default_render'
actionpack (7.1.3) lib/action_controller/metal/basic_implicit_render.rb:7:in `send_action'
actionpack (7.1.3) lib/abstract_controller/base.rb:224:in `process_action'
actionpack (7.1.3) lib/action_controller/metal/rendering.rb:165:in `process_action'
actionpack (7.1.3) lib/abstract_controller/callbacks.rb:259:in `block in process_action'
activesupport (7.1.3) lib/active_support/callbacks.rb:121:in `block in run_callbacks'
actiontext (7.1.3) lib/action_text/rendering.rb:23:in `with_renderer'
actiontext (7.1.3) lib/action_text/engine.rb:69:in `block (4 levels) in <class:Engine>'
activesupport (7.1.3) lib/active_support/callbacks.rb:130:in `instance_exec'
activesupport (7.1.3) lib/active_support/callbacks.rb:130:in `block in run_callbacks'
activesupport (7.1.3) lib/active_support/callbacks.rb:141:in `run_callbacks'
actionpack (7.1.3) lib/abstract_controller/callbacks.rb:258:in `process_action'
actionpack (7.1.3) lib/action_controller/metal/rescue.rb:25:in `process_action'
actionpack (7.1.3) lib/action_controller/metal/instrumentation.rb:74:in `block in process_action'
activesupport (7.1.3) lib/active_support/notifications.rb:206:in `block in instrument'
activesupport (7.1.3) lib/active_support/notifications/instrumenter.rb:58:in `instrument'
activesupport (7.1.3) lib/active_support/notifications.rb:206:in `instrument'
actionpack (7.1.3) lib/action_controller/metal/instrumentation.rb:73:in `process_action'
actionpack (7.1.3) lib/action_controller/metal/params_wrapper.rb:261:in `process_action'
activerecord (7.1.3) lib/active_record/railties/controller_runtime.rb:32:in `process_action'
actionpack (7.1.3) lib/abstract_controller/base.rb:160:in `process'
actionview (7.1.3) lib/action_view/rendering.rb:40:in `process'
actionpack (7.1.3) lib/action_controller/metal.rb:227:in `dispatch'
actionpack (7.1.3) lib/action_controller/metal.rb:309:in `dispatch'
actionpack (7.1.3) lib/action_dispatch/routing/route_set.rb:49:in `dispatch'
actionpack (7.1.3) lib/action_dispatch/routing/route_set.rb:32:in `serve'
actionpack (7.1.3) lib/action_dispatch/journey/router.rb:51:in `block in serve'
actionpack (7.1.3) lib/action_dispatch/journey/router.rb:131:in `block in find_routes'
actionpack (7.1.3) lib/action_dispatch/journey/router.rb:124:in `each'
actionpack (7.1.3) lib/action_dispatch/journey/router.rb:124:in `find_routes'
actionpack (7.1.3) lib/action_dispatch/journey/router.rb:32:in `serve'
actionpack (7.1.3) lib/action_dispatch/routing/route_set.rb:882:in `call'
rack (3.0.9) lib/rack/tempfile_reaper.rb:20:in `call'
rack (3.0.9) lib/rack/etag.rb:29:in `call'
rack (3.0.9) lib/rack/conditional_get.rb:31:in `call'
rack (3.0.9) lib/rack/head.rb:15:in `call'
actionpack (7.1.3) lib/action_dispatch/http/permissions_policy.rb:36:in `call'
actionpack (7.1.3) lib/action_dispatch/http/content_security_policy.rb:33:in `call'
rack-session (2.0.0) lib/rack/session/abstract/id.rb:272:in `context'
rack-session (2.0.0) lib/rack/session/abstract/id.rb:266:in `call'
actionpack (7.1.3) lib/action_dispatch/middleware/cookies.rb:689:in `call'
activerecord (7.1.3) lib/active_record/migration.rb:655:in `call'
actionpack (7.1.3) lib/action_dispatch/middleware/callbacks.rb:29:in `block in call'
activesupport (7.1.3) lib/active_support/callbacks.rb:101:in `run_callbacks'
actionpack (7.1.3) lib/action_dispatch/middleware/callbacks.rb:28:in `call'
actionpack (7.1.3) lib/action_dispatch/middleware/executor.rb:14:in `call'
actionpack (7.1.3) lib/action_dispatch/middleware/actionable_exceptions.rb:16:in `call'
actionpack (7.1.3) lib/action_dispatch/middleware/debug_exceptions.rb:29:in `call'
web-console (4.2.1) lib/web_console/middleware.rb:132:in `call_app'
web-console (4.2.1) lib/web_console/middleware.rb:28:in `block in call'
web-console (4.2.1) lib/web_console/middleware.rb:17:in `catch'
web-console (4.2.1) lib/web_console/middleware.rb:17:in `call'
actionpack (7.1.3) lib/action_dispatch/middleware/show_exceptions.rb:31:in `call'
railties (7.1.3) lib/rails/rack/logger.rb:37:in `call_app'
railties (7.1.3) lib/rails/rack/logger.rb:24:in `block in call'
activesupport (7.1.3) lib/active_support/tagged_logging.rb:135:in `block in tagged'
activesupport (7.1.3) lib/active_support/tagged_logging.rb:39:in `tagged'
activesupport (7.1.3) lib/active_support/tagged_logging.rb:135:in `tagged'
activesupport (7.1.3) lib/active_support/broadcast_logger.rb:240:in `method_missing'
railties (7.1.3) lib/rails/rack/logger.rb:24:in `call'
sprockets-rails (3.4.2) lib/sprockets/rails/quiet_assets.rb:13:in `call'
actionpack (7.1.3) lib/action_dispatch/middleware/remote_ip.rb:92:in `call'
actionpack (7.1.3) lib/action_dispatch/middleware/request_id.rb:28:in `call'
rack (3.0.9) lib/rack/method_override.rb:28:in `call'
rack (3.0.9) lib/rack/runtime.rb:24:in `call'
activesupport (7.1.3) lib/active_support/cache/strategy/local_cache_middleware.rb:29:in `call'
actionpack (7.1.3) lib/action_dispatch/middleware/server_timing.rb:59:in `block in call'
actionpack (7.1.3) lib/action_dispatch/middleware/server_timing.rb:24:in `collect_events'
actionpack (7.1.3) lib/action_dispatch/middleware/server_timing.rb:58:in `call'
actionpack (7.1.3) lib/action_dispatch/middleware/executor.rb:14:in `call'
actionpack (7.1.3) lib/action_dispatch/middleware/static.rb:25:in `call'
rack (3.0.9) lib/rack/sendfile.rb:114:in `call'
actionpack (7.1.3) lib/action_dispatch/middleware/host_authorization.rb:141:in `call'
railties (7.1.3) lib/rails/engine.rb:536:in `call'
puma (6.4.2) lib/puma/configuration.rb:272:in `call'
puma (6.4.2) lib/puma/request.rb:100:in `block in handle_request'
puma (6.4.2) lib/puma/thread_pool.rb:378:in `with_force_shutdown'
puma (6.4.2) lib/puma/request.rb:99:in `handle_request'
puma (6.4.2) lib/puma/server.rb:464:in `process_client'
puma (6.4.2) lib/puma/server.rb:245:in `block in run'
puma (6.4.2) lib/puma/thread_pool.rb:155:in `block in spawn_thread'
Started GET "/courses?query=comp&commit=Search" for ::1 at 2024-02-03 15:08:39 +0000
Processing by CoursesController#index as HTML
  Parameters: {"query"=>"comp", "commit"=>"Search"}
  Rendering layout layouts/application.html.erb
  Rendering courses/index.html.erb within layouts/application
  [1m[36mCourse Load (2.3ms)[0m  [1m[34mSELECT "courses".* FROM "courses"[0m
  â†³ app/views/courses/index.html.erb:4
  Rendered courses/index.html.erb within layouts/application (Duration: 5.2ms | Allocations: 2678)
  Rendered layout layouts/application.html.erb (Duration: 6.0ms | Allocations: 2763)
Completed 500 Internal Server Error in 19ms (ActiveRecord: 3.5ms | Allocations: 4558)


  
ActionView::Template::Error (SQLite3::SQLException: no such table: courses):
    1: <div class="paper-list">
    2:     <h2>Past Papers List</h2>
    3:     <ul>
    4:         <% @courses.each do |course| %>
    5:             <p><%= course.name %></p>
    6:         <% end %>
    7:     </ul>
  
  [1m[36mActiveRecord::InternalMetadata Load (0.2ms)[0m  [1m[34mSELECT * FROM "ar_internal_metadata" WHERE "ar_internal_metadata"."key" = ? ORDER BY "ar_internal_metadata"."key" ASC LIMIT 1[0m  [[nil, "environment"]]
  [1m[36mActiveRecord::SchemaMigration Load (0.1ms)[0m  [1m[34mSELECT "schema_migrations"."version" FROM "schema_migrations" ORDER BY "schema_migrations"."version" ASC[0m
  [1m[36mActiveRecord::SchemaMigration Load (0.0ms)[0m  [1m[34mSELECT "schema_migrations"."version" FROM "schema_migrations" ORDER BY "schema_migrations"."version" ASC[0m
  [1m[36mActiveRecord::InternalMetadata Load (0.4ms)[0m  [1m[34mSELECT * FROM "ar_internal_metadata" WHERE "ar_internal_metadata"."key" = ? ORDER BY "ar_internal_metadata"."key" ASC LIMIT 1[0m  [[nil, "environment"]]
  [1m[36mActiveRecord::SchemaMigration Load (0.1ms)[0m  [1m[34mSELECT "schema_migrations"."version" FROM "schema_migrations" ORDER BY "schema_migrations"."version" ASC[0m
  [1m[36mActiveRecord::SchemaMigration Load (0.0ms)[0m  [1m[34mSELECT "schema_migrations"."version" FROM "schema_migrations" ORDER BY "schema_migrations"."version" ASC[0m
Started GET "/" for ::1 at 2024-02-03 15:14:29 +0000
Processing by HomeController#index as HTML
  Rendering layout layouts/application.html.erb
  Rendering home/index.html.erb within layouts/application
  Rendered home/_navbar.html.erb (Duration: 1.0ms | Allocations: 595)
  Rendered home/index.html.erb within layouts/application (Duration: 3.6ms | Allocations: 874)
  Rendered layout layouts/application.html.erb (Duration: 8.9ms | Allocations: 2147)
Completed 200 OK in 17ms (Views: 14.4ms | ActiveRecord: 0.0ms | Allocations: 3509)


Started GET "/courses?query=c&commit=Search" for ::1 at 2024-02-03 15:15:41 +0000
Processing by CoursesController#index as HTML
  Parameters: {"query"=>"c", "commit"=>"Search"}
  Rendering layout layouts/application.html.erb
  Rendering courses/index.html.erb within layouts/application
  [1m[36mCourse Load (10.3ms)[0m  [1m[34mSELECT "courses".* FROM "courses"[0m
  â†³ app/views/courses/index.html.erb:4
  Rendered courses/index.html.erb within layouts/application (Duration: 13.2ms | Allocations: 2642)
  Rendered layout layouts/application.html.erb (Duration: 14.0ms | Allocations: 2726)
Completed 500 Internal Server Error in 24ms (ActiveRecord: 19.3ms | Allocations: 4015)


  
ActionView::Template::Error (SQLite3::SQLException: no such table: courses):
    1: <div class="paper-list">
    2:     <h2>Past Papers List</h2>
    3:     <ul>
    4:         <% @courses.each do |course| %>
    5:             <p><%= course.name %></p>
    6:         <% end %>
    7:     </ul>
  
Started GET "/courses?query=ccccc&commit=Search" for ::1 at 2024-02-03 15:15:55 +0000
Processing by CoursesController#index as HTML
  Parameters: {"query"=>"ccccc", "commit"=>"Search"}
  Rendering layout layouts/application.html.erb
  Rendering courses/index.html.erb within layouts/application
  [1m[36mCourse Load (1.2ms)[0m  [1m[34mSELECT "courses".* FROM "courses"[0m
  â†³ app/views/courses/index.html.erb:4
  Rendered courses/index.html.erb within layouts/application (Duration: 3.1ms | Allocations: 2094)
  Rendered layout layouts/application.html.erb (Duration: 4.3ms | Allocations: 2175)
Completed 500 Internal Server Error in 6ms (ActiveRecord: 1.2ms | Allocations: 2427)


  
ActionView::Template::Error (SQLite3::SQLException: no such table: courses):
    1: <div class="paper-list">
    2:     <h2>Past Papers List</h2>
    3:     <ul>
    4:         <% @courses.each do |course| %>
    5:             <p><%= course.name %></p>
    6:         <% end %>
    7:     </ul>
  
Started GET "/courses?query=ccccc&commit=Search" for ::1 at 2024-02-03 15:16:13 +0000
  [1m[36mActiveRecord::SchemaMigration Load (0.2ms)[0m  [1m[34mSELECT "schema_migrations"."version" FROM "schema_migrations" ORDER BY "schema_migrations"."version" ASC[0m
Started GET "/courses?query=ccccc&commit=Search" for ::1 at 2024-02-03 15:16:13 +0000
Processing by CoursesController#index as HTML
  Parameters: {"query"=>"ccccc", "commit"=>"Search"}
Processing by CoursesController#index as HTML
  Parameters: {"query"=>"ccccc", "commit"=>"Search"}
  Rendering layout layouts/application.html.erb
  Rendering courses/index.html.erb within layouts/application
  Rendering layout layouts/application.html.erb
  Rendering courses/index.html.erb within layouts/application
  [1m[36mCourse Load (0.5ms)[0m  [1m[34mSELECT "courses".* FROM "courses"[0m
  â†³ app/views/courses/index.html.erb:4
  [1m[36mCourse Load (1.6ms)[0m  [1m[34mSELECT "courses".* FROM "courses"[0m
  â†³ app/views/courses/index.html.erb:4
  Rendered courses/index.html.erb within layouts/application (Duration: 19.0ms | Allocations: 5327)
  Rendered layout layouts/application.html.erb (Duration: 21.7ms | Allocations: 5830)
Completed 500 Internal Server Error in 300ms (ActiveRecord: 3.2ms | Allocations: 17083)


  Rendered courses/index.html.erb within layouts/application (Duration: 18.0ms | Allocations: 5615)
  Rendered layout layouts/application.html.erb (Duration: 21.5ms | Allocations: 6344)
Completed 500 Internal Server Error in 292ms (ActiveRecord: 2.2ms | Allocations: 17509)


  
ActionView::Template::Error (SQLite3::SQLException: no such table: courses):
    1: <div class="paper-list">
    2:     <h2>Past Papers List</h2>
    3:     <ul>
    4:         <% @courses.each do |course| %>
    5:             <p><%= course.name %></p>
    6:         <% end %>
    7:     </ul>
  
  
ActionView::Template::Error (SQLite3::SQLException: no such table: courses):
    1: <div class="paper-list">
    2:     <h2>Past Papers List</h2>
    3:     <ul>
    4:         <% @courses.each do |course| %>
    5:             <p><%= course.name %></p>
    6:         <% end %>
    7:     </ul>
  
Started GET "/courses?query=ccccc&commit=Search" for ::1 at 2024-02-03 15:16:48 +0000
Processing by CoursesController#index as HTML
  Parameters: {"query"=>"ccccc", "commit"=>"Search"}
  Rendering layout layouts/application.html.erb
  Rendering courses/index.html.erb within layouts/application
  [1m[36mCourse Load (0.5ms)[0m  [1m[34mSELECT "courses".* FROM "courses"[0m
  â†³ app/views/courses/index.html.erb:4
  Rendered courses/index.html.erb within layouts/application (Duration: 5.5ms | Allocations: 2688)
  Rendered layout layouts/application.html.erb (Duration: 7.7ms | Allocations: 2773)
Completed 500 Internal Server Error in 24ms (ActiveRecord: 3.3ms | Allocations: 4575)


  
ActionView::Template::Error (SQLite3::SQLException: no such table: courses):
    1: <div class="paper-list">
    2:     <h2>Past Papers List</h2>
    3:     <ul>
    4:         <% @courses.each do |course| %>
    5:             <p><%= course.name %></p>
    6:         <% end %>
    7:     </ul>
  
